
AVRASM ver. 2.1.30  C:\cvavr\BIN\micro LAB\section4\Debug\List\section4_main.asm Sun Oct 25 01:45:57 2020

C:\cvavr\BIN\micro LAB\section4\Debug\List\section4_main.asm(1088): warning: Register r4 already defined by the .DEF directive
C:\cvavr\BIN\micro LAB\section4\Debug\List\section4_main.asm(1089): warning: Register r5 already defined by the .DEF directive
C:\cvavr\BIN\micro LAB\section4\Debug\List\section4_main.asm(1090): warning: Register r6 already defined by the .DEF directive
C:\cvavr\BIN\micro LAB\section4\Debug\List\section4_main.asm(1091): warning: Register r7 already defined by the .DEF directive
C:\cvavr\BIN\micro LAB\section4\Debug\List\section4_main.asm(1092): warning: Register r8 already defined by the .DEF directive
C:\cvavr\BIN\micro LAB\section4\Debug\List\section4_main.asm(1093): warning: Register r9 already defined by the .DEF directive
C:\cvavr\BIN\micro LAB\section4\Debug\List\section4_main.asm(1094): warning: Register r10 already defined by the .DEF directive
C:\cvavr\BIN\micro LAB\section4\Debug\List\section4_main.asm(1095): warning: Register r11 already defined by the .DEF directive
C:\cvavr\BIN\micro LAB\section4\Debug\List\section4_main.asm(1096): warning: Register r12 already defined by the .DEF directive
C:\cvavr\BIN\micro LAB\section4\Debug\List\section4_main.asm(1097): warning: Register r13 already defined by the .DEF directive
                 
                 
                 ;CodeVisionAVR C Compiler V3.12 Advanced
                 ;(C) Copyright 1998-2014 Pavel Haiduc, HP InfoTech s.r.l.
                 ;http://www.hpinfotech.com
                 
                 ;Build configuration    : Debug
                 ;Chip type              : ATmega16
                 ;Program type           : Application
                 ;Clock frequency        : 8.000000 MHz
                 ;Memory model           : Small
                 ;Optimize for           : Size
                 ;(s)printf features     : int, width
                 ;(s)scanf features      : int, width
                 ;External RAM size      : 0
                 ;Data Stack size        : 256 byte(s)
                 ;Heap size              : 0 byte(s)
                 ;Promote 'char' to 'int': Yes
                 ;'char' is unsigned     : Yes
                 ;8 bit enums            : Yes
                 ;Global 'const' stored in FLASH: Yes
                 ;Enhanced function parameter passing: Yes
                 ;Enhanced core instructions: On
                 ;Automatic register allocation for global variables: On
                 ;Smart register allocation: On
                 
                 	#define _MODEL_SMALL_
                 
                 	#pragma AVRPART ADMIN PART_NAME ATmega16
                 	#pragma AVRPART MEMORY PROG_FLASH 16384
                 	#pragma AVRPART MEMORY EEPROM 512
                 	#pragma AVRPART MEMORY INT_SRAM SIZE 1024
                 	#pragma AVRPART MEMORY INT_SRAM START_ADDR 0x60
                 
                 	#define CALL_SUPPORTED 1
                 
                 	.LISTMAC
                 	.EQU UDRE=0x5
                 	.EQU RXC=0x7
                 	.EQU USR=0xB
                 	.EQU UDR=0xC
                 	.EQU SPSR=0xE
                 	.EQU SPDR=0xF
                 	.EQU EERE=0x0
                 	.EQU EEWE=0x1
                 	.EQU EEMWE=0x2
                 	.EQU EECR=0x1C
                 	.EQU EEDR=0x1D
                 	.EQU EEARL=0x1E
                 	.EQU EEARH=0x1F
                 	.EQU WDTCR=0x21
                 	.EQU MCUCR=0x35
                 	.EQU GICR=0x3B
                 	.EQU SPL=0x3D
                 	.EQU SPH=0x3E
                 	.EQU SREG=0x3F
                 
                 	.DEF R0X0=R0
                 	.DEF R0X1=R1
                 	.DEF R0X2=R2
                 	.DEF R0X3=R3
                 	.DEF R0X4=R4
                 	.DEF R0X5=R5
                 	.DEF R0X6=R6
                 	.DEF R0X7=R7
                 	.DEF R0X8=R8
                 	.DEF R0X9=R9
                 	.DEF R0XA=R10
                 	.DEF R0XB=R11
                 	.DEF R0XC=R12
                 	.DEF R0XD=R13
                 	.DEF R0XE=R14
                 	.DEF R0XF=R15
                 	.DEF R0X10=R16
                 	.DEF R0X11=R17
                 	.DEF R0X12=R18
                 	.DEF R0X13=R19
                 	.DEF R0X14=R20
                 	.DEF R0X15=R21
                 	.DEF R0X16=R22
                 	.DEF R0X17=R23
                 	.DEF R0X18=R24
                 	.DEF R0X19=R25
                 	.DEF R0X1A=R26
                 	.DEF R0X1B=R27
                 	.DEF R0X1C=R28
                 	.DEF R0X1D=R29
                 	.DEF R0X1E=R30
                 	.DEF R0X1F=R31
                 
                 	.EQU __SRAM_START=0x0060
                 	.EQU __SRAM_END=0x045F
                 	.EQU __DSTACK_SIZE=0x0100
                 	.EQU __HEAP_SIZE=0x0000
                 	.EQU __CLEAR_SRAM_SIZE=__SRAM_END-__SRAM_START+1
                 
                 	.MACRO __CPD1N
                 	CPI  R30,LOW(@0)
                 	LDI  R26,HIGH(@0)
                 	CPC  R31,R26
                 	LDI  R26,BYTE3(@0)
                 	CPC  R22,R26
                 	LDI  R26,BYTE4(@0)
                 	CPC  R23,R26
                 	.ENDM
                 
                 	.MACRO __CPD2N
                 	CPI  R26,LOW(@0)
                 	LDI  R30,HIGH(@0)
                 	CPC  R27,R30
                 	LDI  R30,BYTE3(@0)
                 	CPC  R24,R30
                 	LDI  R30,BYTE4(@0)
                 	CPC  R25,R30
                 	.ENDM
                 
                 	.MACRO __CPWRR
                 	CP   R@0,R@2
                 	CPC  R@1,R@3
                 	.ENDM
                 
                 	.MACRO __CPWRN
                 	CPI  R@0,LOW(@2)
                 	LDI  R30,HIGH(@2)
                 	CPC  R@1,R30
                 	.ENDM
                 
                 	.MACRO __ADDB1MN
                 	SUBI R30,LOW(-@0-(@1))
                 	.ENDM
                 
                 	.MACRO __ADDB2MN
                 	SUBI R26,LOW(-@0-(@1))
                 	.ENDM
                 
                 	.MACRO __ADDW1MN
                 	SUBI R30,LOW(-@0-(@1))
                 	SBCI R31,HIGH(-@0-(@1))
                 	.ENDM
                 
                 	.MACRO __ADDW2MN
                 	SUBI R26,LOW(-@0-(@1))
                 	SBCI R27,HIGH(-@0-(@1))
                 	.ENDM
                 
                 	.MACRO __ADDW1FN
                 	SUBI R30,LOW(-2*@0-(@1))
                 	SBCI R31,HIGH(-2*@0-(@1))
                 	.ENDM
                 
                 	.MACRO __ADDD1FN
                 	SUBI R30,LOW(-2*@0-(@1))
                 	SBCI R31,HIGH(-2*@0-(@1))
                 	SBCI R22,BYTE3(-2*@0-(@1))
                 	.ENDM
                 
                 	.MACRO __ADDD1N
                 	SUBI R30,LOW(-@0)
                 	SBCI R31,HIGH(-@0)
                 	SBCI R22,BYTE3(-@0)
                 	SBCI R23,BYTE4(-@0)
                 	.ENDM
                 
                 	.MACRO __ADDD2N
                 	SUBI R26,LOW(-@0)
                 	SBCI R27,HIGH(-@0)
                 	SBCI R24,BYTE3(-@0)
                 	SBCI R25,BYTE4(-@0)
                 	.ENDM
                 
                 	.MACRO __SUBD1N
                 	SUBI R30,LOW(@0)
                 	SBCI R31,HIGH(@0)
                 	SBCI R22,BYTE3(@0)
                 	SBCI R23,BYTE4(@0)
                 	.ENDM
                 
                 	.MACRO __SUBD2N
                 	SUBI R26,LOW(@0)
                 	SBCI R27,HIGH(@0)
                 	SBCI R24,BYTE3(@0)
                 	SBCI R25,BYTE4(@0)
                 	.ENDM
                 
                 	.MACRO __ANDBMNN
                 	LDS  R30,@0+(@1)
                 	ANDI R30,LOW(@2)
                 	STS  @0+(@1),R30
                 	.ENDM
                 
                 	.MACRO __ANDWMNN
                 	LDS  R30,@0+(@1)
                 	ANDI R30,LOW(@2)
                 	STS  @0+(@1),R30
                 	LDS  R30,@0+(@1)+1
                 	ANDI R30,HIGH(@2)
                 	STS  @0+(@1)+1,R30
                 	.ENDM
                 
                 	.MACRO __ANDD1N
                 	ANDI R30,LOW(@0)
                 	ANDI R31,HIGH(@0)
                 	ANDI R22,BYTE3(@0)
                 	ANDI R23,BYTE4(@0)
                 	.ENDM
                 
                 	.MACRO __ANDD2N
                 	ANDI R26,LOW(@0)
                 	ANDI R27,HIGH(@0)
                 	ANDI R24,BYTE3(@0)
                 	ANDI R25,BYTE4(@0)
                 	.ENDM
                 
                 	.MACRO __ORBMNN
                 	LDS  R30,@0+(@1)
                 	ORI  R30,LOW(@2)
                 	STS  @0+(@1),R30
                 	.ENDM
                 
                 	.MACRO __ORWMNN
                 	LDS  R30,@0+(@1)
                 	ORI  R30,LOW(@2)
                 	STS  @0+(@1),R30
                 	LDS  R30,@0+(@1)+1
                 	ORI  R30,HIGH(@2)
                 	STS  @0+(@1)+1,R30
                 	.ENDM
                 
                 	.MACRO __ORD1N
                 	ORI  R30,LOW(@0)
                 	ORI  R31,HIGH(@0)
                 	ORI  R22,BYTE3(@0)
                 	ORI  R23,BYTE4(@0)
                 	.ENDM
                 
                 	.MACRO __ORD2N
                 	ORI  R26,LOW(@0)
                 	ORI  R27,HIGH(@0)
                 	ORI  R24,BYTE3(@0)
                 	ORI  R25,BYTE4(@0)
                 	.ENDM
                 
                 	.MACRO __DELAY_USB
                 	LDI  R24,LOW(@0)
                 __DELAY_USB_LOOP:
                 	DEC  R24
                 	BRNE __DELAY_USB_LOOP
                 	.ENDM
                 
                 	.MACRO __DELAY_USW
                 	LDI  R24,LOW(@0)
                 	LDI  R25,HIGH(@0)
                 __DELAY_USW_LOOP:
                 	SBIW R24,1
                 	BRNE __DELAY_USW_LOOP
                 	.ENDM
                 
                 	.MACRO __GETD1S
                 	LDD  R30,Y+@0
                 	LDD  R31,Y+@0+1
                 	LDD  R22,Y+@0+2
                 	LDD  R23,Y+@0+3
                 	.ENDM
                 
                 	.MACRO __GETD2S
                 	LDD  R26,Y+@0
                 	LDD  R27,Y+@0+1
                 	LDD  R24,Y+@0+2
                 	LDD  R25,Y+@0+3
                 	.ENDM
                 
                 	.MACRO __PUTD1S
                 	STD  Y+@0,R30
                 	STD  Y+@0+1,R31
                 	STD  Y+@0+2,R22
                 	STD  Y+@0+3,R23
                 	.ENDM
                 
                 	.MACRO __PUTD2S
                 	STD  Y+@0,R26
                 	STD  Y+@0+1,R27
                 	STD  Y+@0+2,R24
                 	STD  Y+@0+3,R25
                 	.ENDM
                 
                 	.MACRO __PUTDZ2
                 	STD  Z+@0,R26
                 	STD  Z+@0+1,R27
                 	STD  Z+@0+2,R24
                 	STD  Z+@0+3,R25
                 	.ENDM
                 
                 	.MACRO __CLRD1S
                 	STD  Y+@0,R30
                 	STD  Y+@0+1,R30
                 	STD  Y+@0+2,R30
                 	STD  Y+@0+3,R30
                 	.ENDM
                 
                 	.MACRO __POINTB1MN
                 	LDI  R30,LOW(@0+(@1))
                 	.ENDM
                 
                 	.MACRO __POINTW1MN
                 	LDI  R30,LOW(@0+(@1))
                 	LDI  R31,HIGH(@0+(@1))
                 	.ENDM
                 
                 	.MACRO __POINTD1M
                 	LDI  R30,LOW(@0)
                 	LDI  R31,HIGH(@0)
                 	LDI  R22,BYTE3(@0)
                 	LDI  R23,BYTE4(@0)
                 	.ENDM
                 
                 	.MACRO __POINTW1FN
                 	LDI  R30,LOW(2*@0+(@1))
                 	LDI  R31,HIGH(2*@0+(@1))
                 	.ENDM
                 
                 	.MACRO __POINTD1FN
                 	LDI  R30,LOW(2*@0+(@1))
                 	LDI  R31,HIGH(2*@0+(@1))
                 	LDI  R22,BYTE3(2*@0+(@1))
                 	LDI  R23,BYTE4(2*@0+(@1))
                 	.ENDM
                 
                 	.MACRO __POINTB2MN
                 	LDI  R26,LOW(@0+(@1))
                 	.ENDM
                 
                 	.MACRO __POINTW2MN
                 	LDI  R26,LOW(@0+(@1))
                 	LDI  R27,HIGH(@0+(@1))
                 	.ENDM
                 
                 	.MACRO __POINTW2FN
                 	LDI  R26,LOW(2*@0+(@1))
                 	LDI  R27,HIGH(2*@0+(@1))
                 	.ENDM
                 
                 	.MACRO __POINTD2FN
                 	LDI  R26,LOW(2*@0+(@1))
                 	LDI  R27,HIGH(2*@0+(@1))
                 	LDI  R24,BYTE3(2*@0+(@1))
                 	LDI  R25,BYTE4(2*@0+(@1))
                 	.ENDM
                 
                 	.MACRO __POINTBRM
                 	LDI  R@0,LOW(@1)
                 	.ENDM
                 
                 	.MACRO __POINTWRM
                 	LDI  R@0,LOW(@2)
                 	LDI  R@1,HIGH(@2)
                 	.ENDM
                 
                 	.MACRO __POINTBRMN
                 	LDI  R@0,LOW(@1+(@2))
                 	.ENDM
                 
                 	.MACRO __POINTWRMN
                 	LDI  R@0,LOW(@2+(@3))
                 	LDI  R@1,HIGH(@2+(@3))
                 	.ENDM
                 
                 	.MACRO __POINTWRFN
                 	LDI  R@0,LOW(@2*2+(@3))
                 	LDI  R@1,HIGH(@2*2+(@3))
                 	.ENDM
                 
                 	.MACRO __GETD1N
                 	LDI  R30,LOW(@0)
                 	LDI  R31,HIGH(@0)
                 	LDI  R22,BYTE3(@0)
                 	LDI  R23,BYTE4(@0)
                 	.ENDM
                 
                 	.MACRO __GETD2N
                 	LDI  R26,LOW(@0)
                 	LDI  R27,HIGH(@0)
                 	LDI  R24,BYTE3(@0)
                 	LDI  R25,BYTE4(@0)
                 	.ENDM
                 
                 	.MACRO __GETB1MN
                 	LDS  R30,@0+(@1)
                 	.ENDM
                 
                 	.MACRO __GETB1HMN
                 	LDS  R31,@0+(@1)
                 	.ENDM
                 
                 	.MACRO __GETW1MN
                 	LDS  R30,@0+(@1)
                 	LDS  R31,@0+(@1)+1
                 	.ENDM
                 
                 	.MACRO __GETD1MN
                 	LDS  R30,@0+(@1)
                 	LDS  R31,@0+(@1)+1
                 	LDS  R22,@0+(@1)+2
                 	LDS  R23,@0+(@1)+3
                 	.ENDM
                 
                 	.MACRO __GETBRMN
                 	LDS  R@0,@1+(@2)
                 	.ENDM
                 
                 	.MACRO __GETWRMN
                 	LDS  R@0,@2+(@3)
                 	LDS  R@1,@2+(@3)+1
                 	.ENDM
                 
                 	.MACRO __GETWRZ
                 	LDD  R@0,Z+@2
                 	LDD  R@1,Z+@2+1
                 	.ENDM
                 
                 	.MACRO __GETD2Z
                 	LDD  R26,Z+@0
                 	LDD  R27,Z+@0+1
                 	LDD  R24,Z+@0+2
                 	LDD  R25,Z+@0+3
                 	.ENDM
                 
                 	.MACRO __GETB2MN
                 	LDS  R26,@0+(@1)
                 	.ENDM
                 
                 	.MACRO __GETW2MN
                 	LDS  R26,@0+(@1)
                 	LDS  R27,@0+(@1)+1
                 	.ENDM
                 
                 	.MACRO __GETD2MN
                 	LDS  R26,@0+(@1)
                 	LDS  R27,@0+(@1)+1
                 	LDS  R24,@0+(@1)+2
                 	LDS  R25,@0+(@1)+3
                 	.ENDM
                 
                 	.MACRO __PUTB1MN
                 	STS  @0+(@1),R30
                 	.ENDM
                 
                 	.MACRO __PUTW1MN
                 	STS  @0+(@1),R30
                 	STS  @0+(@1)+1,R31
                 	.ENDM
                 
                 	.MACRO __PUTD1MN
                 	STS  @0+(@1),R30
                 	STS  @0+(@1)+1,R31
                 	STS  @0+(@1)+2,R22
                 	STS  @0+(@1)+3,R23
                 	.ENDM
                 
                 	.MACRO __PUTB1EN
                 	LDI  R26,LOW(@0+(@1))
                 	LDI  R27,HIGH(@0+(@1))
                 	CALL __EEPROMWRB
                 	.ENDM
                 
                 	.MACRO __PUTW1EN
                 	LDI  R26,LOW(@0+(@1))
                 	LDI  R27,HIGH(@0+(@1))
                 	CALL __EEPROMWRW
                 	.ENDM
                 
                 	.MACRO __PUTD1EN
                 	LDI  R26,LOW(@0+(@1))
                 	LDI  R27,HIGH(@0+(@1))
                 	CALL __EEPROMWRD
                 	.ENDM
                 
                 	.MACRO __PUTBR0MN
                 	STS  @0+(@1),R0
                 	.ENDM
                 
                 	.MACRO __PUTBMRN
                 	STS  @0+(@1),R@2
                 	.ENDM
                 
                 	.MACRO __PUTWMRN
                 	STS  @0+(@1),R@2
                 	STS  @0+(@1)+1,R@3
                 	.ENDM
                 
                 	.MACRO __PUTBZR
                 	STD  Z+@1,R@0
                 	.ENDM
                 
                 	.MACRO __PUTWZR
                 	STD  Z+@2,R@0
                 	STD  Z+@2+1,R@1
                 	.ENDM
                 
                 	.MACRO __GETW1R
                 	MOV  R30,R@0
                 	MOV  R31,R@1
                 	.ENDM
                 
                 	.MACRO __GETW2R
                 	MOV  R26,R@0
                 	MOV  R27,R@1
                 	.ENDM
                 
                 	.MACRO __GETWRN
                 	LDI  R@0,LOW(@2)
                 	LDI  R@1,HIGH(@2)
                 	.ENDM
                 
                 	.MACRO __PUTW1R
                 	MOV  R@0,R30
                 	MOV  R@1,R31
                 	.ENDM
                 
                 	.MACRO __PUTW2R
                 	MOV  R@0,R26
                 	MOV  R@1,R27
                 	.ENDM
                 
                 	.MACRO __ADDWRN
                 	SUBI R@0,LOW(-@2)
                 	SBCI R@1,HIGH(-@2)
                 	.ENDM
                 
                 	.MACRO __ADDWRR
                 	ADD  R@0,R@2
                 	ADC  R@1,R@3
                 	.ENDM
                 
                 	.MACRO __SUBWRN
                 	SUBI R@0,LOW(@2)
                 	SBCI R@1,HIGH(@2)
                 	.ENDM
                 
                 	.MACRO __SUBWRR
                 	SUB  R@0,R@2
                 	SBC  R@1,R@3
                 	.ENDM
                 
                 	.MACRO __ANDWRN
                 	ANDI R@0,LOW(@2)
                 	ANDI R@1,HIGH(@2)
                 	.ENDM
                 
                 	.MACRO __ANDWRR
                 	AND  R@0,R@2
                 	AND  R@1,R@3
                 	.ENDM
                 
                 	.MACRO __ORWRN
                 	ORI  R@0,LOW(@2)
                 	ORI  R@1,HIGH(@2)
                 	.ENDM
                 
                 	.MACRO __ORWRR
                 	OR   R@0,R@2
                 	OR   R@1,R@3
                 	.ENDM
                 
                 	.MACRO __EORWRR
                 	EOR  R@0,R@2
                 	EOR  R@1,R@3
                 	.ENDM
                 
                 	.MACRO __GETWRS
                 	LDD  R@0,Y+@2
                 	LDD  R@1,Y+@2+1
                 	.ENDM
                 
                 	.MACRO __PUTBSR
                 	STD  Y+@1,R@0
                 	.ENDM
                 
                 	.MACRO __PUTWSR
                 	STD  Y+@2,R@0
                 	STD  Y+@2+1,R@1
                 	.ENDM
                 
                 	.MACRO __MOVEWRR
                 	MOV  R@0,R@2
                 	MOV  R@1,R@3
                 	.ENDM
                 
                 	.MACRO __INWR
                 	IN   R@0,@2
                 	IN   R@1,@2+1
                 	.ENDM
                 
                 	.MACRO __OUTWR
                 	OUT  @2+1,R@1
                 	OUT  @2,R@0
                 	.ENDM
                 
                 	.MACRO __CALL1MN
                 	LDS  R30,@0+(@1)
                 	LDS  R31,@0+(@1)+1
                 	ICALL
                 	.ENDM
                 
                 	.MACRO __CALL1FN
                 	LDI  R30,LOW(2*@0+(@1))
                 	LDI  R31,HIGH(2*@0+(@1))
                 	CALL __GETW1PF
                 	ICALL
                 	.ENDM
                 
                 	.MACRO __CALL2EN
                 	PUSH R26
                 	PUSH R27
                 	LDI  R26,LOW(@0+(@1))
                 	LDI  R27,HIGH(@0+(@1))
                 	CALL __EEPROMRDW
                 	POP  R27
                 	POP  R26
                 	ICALL
                 	.ENDM
                 
                 	.MACRO __CALL2EX
                 	SUBI R26,LOW(-@0)
                 	SBCI R27,HIGH(-@0)
                 	CALL __EEPROMRDD
                 	ICALL
                 	.ENDM
                 
                 	.MACRO __GETW1STACK
                 	IN   R30,SPL
                 	IN   R31,SPH
                 	ADIW R30,@0+1
                 	LD   R0,Z+
                 	LD   R31,Z
                 	MOV  R30,R0
                 	.ENDM
                 
                 	.MACRO __GETD1STACK
                 	IN   R30,SPL
                 	IN   R31,SPH
                 	ADIW R30,@0+1
                 	LD   R0,Z+
                 	LD   R1,Z+
                 	LD   R22,Z
                 	MOVW R30,R0
                 	.ENDM
                 
                 	.MACRO __NBST
                 	BST  R@0,@1
                 	IN   R30,SREG
                 	LDI  R31,0x40
                 	EOR  R30,R31
                 	OUT  SREG,R30
                 	.ENDM
                 
                 
                 	.MACRO __PUTB1SN
                 	LDD  R26,Y+@0
                 	LDD  R27,Y+@0+1
                 	SUBI R26,LOW(-@1)
                 	SBCI R27,HIGH(-@1)
                 	ST   X,R30
                 	.ENDM
                 
                 	.MACRO __PUTW1SN
                 	LDD  R26,Y+@0
                 	LDD  R27,Y+@0+1
                 	SUBI R26,LOW(-@1)
                 	SBCI R27,HIGH(-@1)
                 	ST   X+,R30
                 	ST   X,R31
                 	.ENDM
                 
                 	.MACRO __PUTD1SN
                 	LDD  R26,Y+@0
                 	LDD  R27,Y+@0+1
                 	SUBI R26,LOW(-@1)
                 	SBCI R27,HIGH(-@1)
                 	CALL __PUTDP1
                 	.ENDM
                 
                 	.MACRO __PUTB1SNS
                 	LDD  R26,Y+@0
                 	LDD  R27,Y+@0+1
                 	ADIW R26,@1
                 	ST   X,R30
                 	.ENDM
                 
                 	.MACRO __PUTW1SNS
                 	LDD  R26,Y+@0
                 	LDD  R27,Y+@0+1
                 	ADIW R26,@1
                 	ST   X+,R30
                 	ST   X,R31
                 	.ENDM
                 
                 	.MACRO __PUTD1SNS
                 	LDD  R26,Y+@0
                 	LDD  R27,Y+@0+1
                 	ADIW R26,@1
                 	CALL __PUTDP1
                 	.ENDM
                 
                 	.MACRO __PUTB1PMN
                 	LDS  R26,@0
                 	LDS  R27,@0+1
                 	SUBI R26,LOW(-@1)
                 	SBCI R27,HIGH(-@1)
                 	ST   X,R30
                 	.ENDM
                 
                 	.MACRO __PUTW1PMN
                 	LDS  R26,@0
                 	LDS  R27,@0+1
                 	SUBI R26,LOW(-@1)
                 	SBCI R27,HIGH(-@1)
                 	ST   X+,R30
                 	ST   X,R31
                 	.ENDM
                 
                 	.MACRO __PUTD1PMN
                 	LDS  R26,@0
                 	LDS  R27,@0+1
                 	SUBI R26,LOW(-@1)
                 	SBCI R27,HIGH(-@1)
                 	CALL __PUTDP1
                 	.ENDM
                 
                 	.MACRO __PUTB1PMNS
                 	LDS  R26,@0
                 	LDS  R27,@0+1
                 	ADIW R26,@1
                 	ST   X,R30
                 	.ENDM
                 
                 	.MACRO __PUTW1PMNS
                 	LDS  R26,@0
                 	LDS  R27,@0+1
                 	ADIW R26,@1
                 	ST   X+,R30
                 	ST   X,R31
                 	.ENDM
                 
                 	.MACRO __PUTD1PMNS
                 	LDS  R26,@0
                 	LDS  R27,@0+1
                 	ADIW R26,@1
                 	CALL __PUTDP1
                 	.ENDM
                 
                 	.MACRO __PUTB1RN
                 	MOVW R26,R@0
                 	SUBI R26,LOW(-@1)
                 	SBCI R27,HIGH(-@1)
                 	ST   X,R30
                 	.ENDM
                 
                 	.MACRO __PUTW1RN
                 	MOVW R26,R@0
                 	SUBI R26,LOW(-@1)
                 	SBCI R27,HIGH(-@1)
                 	ST   X+,R30
                 	ST   X,R31
                 	.ENDM
                 
                 	.MACRO __PUTD1RN
                 	MOVW R26,R@0
                 	SUBI R26,LOW(-@1)
                 	SBCI R27,HIGH(-@1)
                 	CALL __PUTDP1
                 	.ENDM
                 
                 	.MACRO __PUTB1RNS
                 	MOVW R26,R@0
                 	ADIW R26,@1
                 	ST   X,R30
                 	.ENDM
                 
                 	.MACRO __PUTW1RNS
                 	MOVW R26,R@0
                 	ADIW R26,@1
                 	ST   X+,R30
                 	ST   X,R31
                 	.ENDM
                 
                 	.MACRO __PUTD1RNS
                 	MOVW R26,R@0
                 	ADIW R26,@1
                 	CALL __PUTDP1
                 	.ENDM
                 
                 	.MACRO __PUTB1RON
                 	MOV  R26,R@0
                 	MOV  R27,R@1
                 	SUBI R26,LOW(-@2)
                 	SBCI R27,HIGH(-@2)
                 	ST   X,R30
                 	.ENDM
                 
                 	.MACRO __PUTW1RON
                 	MOV  R26,R@0
                 	MOV  R27,R@1
                 	SUBI R26,LOW(-@2)
                 	SBCI R27,HIGH(-@2)
                 	ST   X+,R30
                 	ST   X,R31
                 	.ENDM
                 
                 	.MACRO __PUTD1RON
                 	MOV  R26,R@0
                 	MOV  R27,R@1
                 	SUBI R26,LOW(-@2)
                 	SBCI R27,HIGH(-@2)
                 	CALL __PUTDP1
                 	.ENDM
                 
                 	.MACRO __PUTB1RONS
                 	MOV  R26,R@0
                 	MOV  R27,R@1
                 	ADIW R26,@2
                 	ST   X,R30
                 	.ENDM
                 
                 	.MACRO __PUTW1RONS
                 	MOV  R26,R@0
                 	MOV  R27,R@1
                 	ADIW R26,@2
                 	ST   X+,R30
                 	ST   X,R31
                 	.ENDM
                 
                 	.MACRO __PUTD1RONS
                 	MOV  R26,R@0
                 	MOV  R27,R@1
                 	ADIW R26,@2
                 	CALL __PUTDP1
                 	.ENDM
                 
                 
                 	.MACRO __GETB1SX
                 	MOVW R30,R28
                 	SUBI R30,LOW(-@0)
                 	SBCI R31,HIGH(-@0)
                 	LD   R30,Z
                 	.ENDM
                 
                 	.MACRO __GETB1HSX
                 	MOVW R30,R28
                 	SUBI R30,LOW(-@0)
                 	SBCI R31,HIGH(-@0)
                 	LD   R31,Z
                 	.ENDM
                 
                 	.MACRO __GETW1SX
                 	MOVW R30,R28
                 	SUBI R30,LOW(-@0)
                 	SBCI R31,HIGH(-@0)
                 	LD   R0,Z+
                 	LD   R31,Z
                 	MOV  R30,R0
                 	.ENDM
                 
                 	.MACRO __GETD1SX
                 	MOVW R30,R28
                 	SUBI R30,LOW(-@0)
                 	SBCI R31,HIGH(-@0)
                 	LD   R0,Z+
                 	LD   R1,Z+
                 	LD   R22,Z+
                 	LD   R23,Z
                 	MOVW R30,R0
                 	.ENDM
                 
                 	.MACRO __GETB2SX
                 	MOVW R26,R28
                 	SUBI R26,LOW(-@0)
                 	SBCI R27,HIGH(-@0)
                 	LD   R26,X
                 	.ENDM
                 
                 	.MACRO __GETW2SX
                 	MOVW R26,R28
                 	SUBI R26,LOW(-@0)
                 	SBCI R27,HIGH(-@0)
                 	LD   R0,X+
                 	LD   R27,X
                 	MOV  R26,R0
                 	.ENDM
                 
                 	.MACRO __GETD2SX
                 	MOVW R26,R28
                 	SUBI R26,LOW(-@0)
                 	SBCI R27,HIGH(-@0)
                 	LD   R0,X+
                 	LD   R1,X+
                 	LD   R24,X+
                 	LD   R25,X
                 	MOVW R26,R0
                 	.ENDM
                 
                 	.MACRO __GETBRSX
                 	MOVW R30,R28
                 	SUBI R30,LOW(-@1)
                 	SBCI R31,HIGH(-@1)
                 	LD   R@0,Z
                 	.ENDM
                 
                 	.MACRO __GETWRSX
                 	MOVW R30,R28
                 	SUBI R30,LOW(-@2)
                 	SBCI R31,HIGH(-@2)
                 	LD   R@0,Z+
                 	LD   R@1,Z
                 	.ENDM
                 
                 	.MACRO __GETBRSX2
                 	MOVW R26,R28
                 	SUBI R26,LOW(-@1)
                 	SBCI R27,HIGH(-@1)
                 	LD   R@0,X
                 	.ENDM
                 
                 	.MACRO __GETWRSX2
                 	MOVW R26,R28
                 	SUBI R26,LOW(-@2)
                 	SBCI R27,HIGH(-@2)
                 	LD   R@0,X+
                 	LD   R@1,X
                 	.ENDM
                 
                 	.MACRO __LSLW8SX
                 	MOVW R30,R28
                 	SUBI R30,LOW(-@0)
                 	SBCI R31,HIGH(-@0)
                 	LD   R31,Z
                 	CLR  R30
                 	.ENDM
                 
                 	.MACRO __PUTB1SX
                 	MOVW R26,R28
                 	SUBI R26,LOW(-@0)
                 	SBCI R27,HIGH(-@0)
                 	ST   X,R30
                 	.ENDM
                 
                 	.MACRO __PUTW1SX
                 	MOVW R26,R28
                 	SUBI R26,LOW(-@0)
                 	SBCI R27,HIGH(-@0)
                 	ST   X+,R30
                 	ST   X,R31
                 	.ENDM
                 
                 	.MACRO __PUTD1SX
                 	MOVW R26,R28
                 	SUBI R26,LOW(-@0)
                 	SBCI R27,HIGH(-@0)
                 	ST   X+,R30
                 	ST   X+,R31
                 	ST   X+,R22
                 	ST   X,R23
                 	.ENDM
                 
                 	.MACRO __CLRW1SX
                 	MOVW R26,R28
                 	SUBI R26,LOW(-@0)
                 	SBCI R27,HIGH(-@0)
                 	ST   X+,R30
                 	ST   X,R30
                 	.ENDM
                 
                 	.MACRO __CLRD1SX
                 	MOVW R26,R28
                 	SUBI R26,LOW(-@0)
                 	SBCI R27,HIGH(-@0)
                 	ST   X+,R30
                 	ST   X+,R30
                 	ST   X+,R30
                 	ST   X,R30
                 	.ENDM
                 
                 	.MACRO __PUTB2SX
                 	MOVW R30,R28
                 	SUBI R30,LOW(-@0)
                 	SBCI R31,HIGH(-@0)
                 	ST   Z,R26
                 	.ENDM
                 
                 	.MACRO __PUTW2SX
                 	MOVW R30,R28
                 	SUBI R30,LOW(-@0)
                 	SBCI R31,HIGH(-@0)
                 	ST   Z+,R26
                 	ST   Z,R27
                 	.ENDM
                 
                 	.MACRO __PUTD2SX
                 	MOVW R30,R28
                 	SUBI R30,LOW(-@0)
                 	SBCI R31,HIGH(-@0)
                 	ST   Z+,R26
                 	ST   Z+,R27
                 	ST   Z+,R24
                 	ST   Z,R25
                 	.ENDM
                 
                 	.MACRO __PUTBSRX
                 	MOVW R30,R28
                 	SUBI R30,LOW(-@1)
                 	SBCI R31,HIGH(-@1)
                 	ST   Z,R@0
                 	.ENDM
                 
                 	.MACRO __PUTWSRX
                 	MOVW R30,R28
                 	SUBI R30,LOW(-@2)
                 	SBCI R31,HIGH(-@2)
                 	ST   Z+,R@0
                 	ST   Z,R@1
                 	.ENDM
                 
                 	.MACRO __PUTB1SNX
                 	MOVW R26,R28
                 	SUBI R26,LOW(-@0)
                 	SBCI R27,HIGH(-@0)
                 	LD   R0,X+
                 	LD   R27,X
                 	MOV  R26,R0
                 	SUBI R26,LOW(-@1)
                 	SBCI R27,HIGH(-@1)
                 	ST   X,R30
                 	.ENDM
                 
                 	.MACRO __PUTW1SNX
                 	MOVW R26,R28
                 	SUBI R26,LOW(-@0)
                 	SBCI R27,HIGH(-@0)
                 	LD   R0,X+
                 	LD   R27,X
                 	MOV  R26,R0
                 	SUBI R26,LOW(-@1)
                 	SBCI R27,HIGH(-@1)
                 	ST   X+,R30
                 	ST   X,R31
                 	.ENDM
                 
                 	.MACRO __PUTD1SNX
                 	MOVW R26,R28
                 	SUBI R26,LOW(-@0)
                 	SBCI R27,HIGH(-@0)
                 	LD   R0,X+
                 	LD   R27,X
                 	MOV  R26,R0
                 	SUBI R26,LOW(-@1)
                 	SBCI R27,HIGH(-@1)
                 	ST   X+,R30
                 	ST   X+,R31
                 	ST   X+,R22
                 	ST   X,R23
                 	.ENDM
                 
                 	.MACRO __MULBRR
                 	MULS R@0,R@1
                 	MOVW R30,R0
                 	.ENDM
                 
                 	.MACRO __MULBRRU
                 	MUL  R@0,R@1
                 	MOVW R30,R0
                 	.ENDM
                 
                 	.MACRO __MULBRR0
                 	MULS R@0,R@1
                 	.ENDM
                 
                 	.MACRO __MULBRRU0
                 	MUL  R@0,R@1
                 	.ENDM
                 
                 	.MACRO __MULBNWRU
                 	LDI  R26,@2
                 	MUL  R26,R@0
                 	MOVW R30,R0
                 	MUL  R26,R@1
                 	ADD  R31,R0
                 	.ENDM
                 
                 ;NAME DEFINITIONS FOR GLOBAL VARIABLES ALLOCATED TO REGISTERS
                 	.DEF _flag=R4
                 	.DEF _flag_msb=R5
                 	.DEF _hour=R6
                 	.DEF _hour_msb=R7
                 	.DEF _min=R8
                 	.DEF _min_msb=R9
                 	.DEF _sec=R10
                 	.DEF _sec_msb=R11
                 	.DEF _count=R12
                 	.DEF _count_msb=R13
                 
                 	.CSEG
                 	.ORG 0x00
                 
                 ;START OF CODE MARKER
                 __START_OF_CODE:
                 
                 ;INTERRUPT VECTORS
000000 940c 004e 	JMP  __RESET
000002 940c 007f 	JMP  _ext_int0_isr
000004 940c 0087 	JMP  _ext_int1_isr
000006 940c 0000 	JMP  0x00
000008 940c 0000 	JMP  0x00
00000a 940c 0000 	JMP  0x00
00000c 940c 0000 	JMP  0x00
00000e 940c 0000 	JMP  0x00
000010 940c 0000 	JMP  0x00
000012 940c 00ce 	JMP  _timer0_ovf_isr
000014 940c 0000 	JMP  0x00
000016 940c 0000 	JMP  0x00
000018 940c 0000 	JMP  0x00
00001a 940c 0000 	JMP  0x00
00001c 940c 0000 	JMP  0x00
00001e 940c 0000 	JMP  0x00
000020 940c 0000 	JMP  0x00
000022 940c 0000 	JMP  0x00
000024 940c 00a1 	JMP  _ext_int2_isr
000026 940c 0000 	JMP  0x00
000028 940c 0000 	JMP  0x00
                 
                 _tbl10_G100:
00002a 2710
00002b 03e8
00002c 0064
00002d 000a      	.DB  0x10,0x27,0xE8,0x3,0x64,0x0,0xA,0x0
00002e 0001      	.DB  0x1,0x0
                 _tbl16_G100:
00002f 1000
000030 0100
000031 0010
000032 0001      	.DB  0x0,0x10,0x0,0x1,0x10,0x0,0x1,0x0
                 
                 ;GLOBAL REGISTER VARIABLES INITIALIZATION
                 __REG_VARS:
000033 0000
000034 0000      	.DB  0x0,0x0,0x0,0x0
000035 0000
000036 0000      	.DB  0x0,0x0,0x0,0x0
000037 03e8      	.DB  0xE8,0x3
                 
                 _0x20000:
000038 6425
000039 253a
00003a 3a64
00003b 6425      	.DB  0x25,0x64,0x3A,0x25,0x64,0x3A,0x25,0x64
00003c 2020
00003d 0020
00003e 5546
00003f 4c4c      	.DB  0x20,0x20,0x20,0x0,0x46,0x55,0x4C,0x4C
000040 2020
000041 2500
000042 3a64
000043 6425      	.DB  0x20,0x20,0x0,0x25,0x64,0x3A,0x25,0x64
000044 253a
000045 0064      	.DB  0x3A,0x25,0x64,0x0
                 _0x2020003:
000046 c080      	.DB  0x80,0xC0
                 
                 __GLOBAL_INI_TBL:
000047 000a      	.DW  0x0A
000048 0004      	.DW  0x04
000049 0066      	.DW  __REG_VARS*2
                 
00004a 0002      	.DW  0x02
00004b 019c      	.DW  __base_y_G101
00004c 008c      	.DW  _0x2020003*2
                 
                 _0xFFFFFFFF:
00004d 0000      	.DW  0
                 
                 #define __GLOBAL_INI_TBL_PRESENT 1
                 
                 __RESET:
00004e 94f8      	CLI
00004f 27ee      	CLR  R30
000050 bbec      	OUT  EECR,R30
                 
                 ;INTERRUPT VECTORS ARE PLACED
                 ;AT THE START OF FLASH
000051 e0f1      	LDI  R31,1
000052 bffb      	OUT  GICR,R31
000053 bfeb      	OUT  GICR,R30
000054 bfe5      	OUT  MCUCR,R30
                 
                 ;CLEAR R2-R14
000055 e08d      	LDI  R24,(14-2)+1
000056 e0a2      	LDI  R26,2
000057 27bb      	CLR  R27
                 __CLEAR_REG:
000058 93ed      	ST   X+,R30
000059 958a      	DEC  R24
00005a f7e9      	BRNE __CLEAR_REG
                 
                 ;CLEAR SRAM
00005b e080      	LDI  R24,LOW(__CLEAR_SRAM_SIZE)
00005c e094      	LDI  R25,HIGH(__CLEAR_SRAM_SIZE)
00005d e6a0      	LDI  R26,__SRAM_START
                 __CLEAR_SRAM:
00005e 93ed      	ST   X+,R30
00005f 9701      	SBIW R24,1
000060 f7e9      	BRNE __CLEAR_SRAM
                 
                 ;GLOBAL VARIABLES INITIALIZATION
000061 e8ee      	LDI  R30,LOW(__GLOBAL_INI_TBL*2)
000062 e0f0      	LDI  R31,HIGH(__GLOBAL_INI_TBL*2)
                 __GLOBAL_INI_NEXT:
000063 9185      	LPM  R24,Z+
000064 9195      	LPM  R25,Z+
000065 9700      	SBIW R24,0
000066 f061      	BREQ __GLOBAL_INI_END
000067 91a5      	LPM  R26,Z+
000068 91b5      	LPM  R27,Z+
000069 9005      	LPM  R0,Z+
00006a 9015      	LPM  R1,Z+
00006b 01bf      	MOVW R22,R30
00006c 01f0      	MOVW R30,R0
                 __GLOBAL_INI_LOOP:
00006d 9005      	LPM  R0,Z+
00006e 920d      	ST   X+,R0
00006f 9701      	SBIW R24,1
000070 f7e1      	BRNE __GLOBAL_INI_LOOP
000071 01fb      	MOVW R30,R22
000072 cff0      	RJMP __GLOBAL_INI_NEXT
                 __GLOBAL_INI_END:
                 
                 ;HARDWARE STACK POINTER INITIALIZATION
000073 e5ef      	LDI  R30,LOW(__SRAM_END-__HEAP_SIZE)
000074 bfed      	OUT  SPL,R30
000075 e0e4      	LDI  R30,HIGH(__SRAM_END-__HEAP_SIZE)
000076 bfee      	OUT  SPH,R30
                 
                 ;DATA STACK POINTER INITIALIZATION
000077 e6c0      	LDI  R28,LOW(__SRAM_START+__DSTACK_SIZE)
000078 e0d1      	LDI  R29,HIGH(__SRAM_START+__DSTACK_SIZE)
                 
000079 940c 007b 	JMP  _main
                 
                 	.ESEG
                 	.ORG 0
                 
                 	.DSEG
                 	.ORG 0x160
                 
                 	.CSEG
                 ;/*******************************************************
                 ;This program was created by the
                 ;CodeWizardAVR V3.12 Advanced
                 ;Automatic Program Generator
                 ;© Copyright 1998-2014 Pavel Haiduc, HP InfoTech s.r.l.
                 ;http://www.hpinfotech.com
                 ;
                 ;Project :
                 ;Version :
                 ;Date    : 10/24/2020
                 ;Author  :
                 ;Company :
                 ;Comments:
                 ;
                 ;
                 ;Chip type               : ATmega16
                 ;Program type            : Application
                 ;AVR Core Clock frequency: 8.000000 MHz
                 ;Memory model            : Small
                 ;External RAM size       : 0
                 ;Data Stack size         : 256
                 ;*******************************************************/
                 ;
                 ;#include <header.h>
                 	#ifndef __SLEEP_DEFINED__
                 	#define __SLEEP_DEFINED__
                 	.EQU __se_bit=0x40
                 	.EQU __sm_mask=0xB0
                 	.EQU __sm_powerdown=0x20
                 	.EQU __sm_powersave=0x30
                 	.EQU __sm_standby=0xA0
                 	.EQU __sm_ext_standby=0xB0
                 	.EQU __sm_adc_noise_red=0x10
                 	.SET power_ctrl_reg=mcucr
                 	#endif
                 ;
                 ;
                 ;
                 ;
                 ;void main(void)
                 ; 0000 001E {
                 
                 	.CSEG
                 _main:
                 ; .FSTART _main
                 ; 0000 001F  init_all_();
00007b 940e 010a 	CALL _init_all_
                 ; 0000 0020 
                 ; 0000 0021 while (1)
                 _0x3:
                 ; 0000 0022       {
                 ; 0000 0023       // Place your code here
                 ; 0000 0024 
                 ; 0000 0025       }
00007d cfff      	RJMP _0x3
                 ; 0000 0026 }
                 _0x6:
00007e cfff      	RJMP _0x6
                 ; .FEND
                 ;#include<header.h>
                 	#ifndef __SLEEP_DEFINED__
                 	#endif
                 ;
                 ; int flag=0,hour=0,min=0,sec=0,count=1000;
                 ;char buffer[60];
                 ;
                 ;
                 ;// Declare your global variables here
                 ;
                 ;// External Interrupt 0 service routine
                 ;interrupt [EXT_INT0] void ext_int0_isr(void)
                 ; 0001 000B {
                 
                 	.CSEG
                 _ext_int0_isr:
                 ; .FSTART _ext_int0_isr
00007f 93ea      	ST   -Y,R30
000080 93fa      	ST   -Y,R31
                 ; 0001 000C flag=1;
000081 e0e1      	LDI  R30,LOW(1)
000082 e0f0      	LDI  R31,HIGH(1)
000083 012f      	MOVW R4,R30
                 ; 0001 000D 
                 ; 0001 000E }
000084 91f9      	LD   R31,Y+
000085 91e9      	LD   R30,Y+
000086 9518      	RETI
                 ; .FEND
                 ;
                 ;// External Interrupt 1 service routine
                 ;interrupt [EXT_INT1] void ext_int1_isr(void)
                 ; 0001 0012 {
                 _ext_int1_isr:
                 ; .FSTART _ext_int1_isr
000087 940e 03a1 	CALL SUBOPT_0x0
                 ; 0001 0013 if(flag==1)
000089 e0e1      	LDI  R30,LOW(1)
00008a e0f0      	LDI  R31,HIGH(1)
00008b 15e4      	CP   R30,R4
00008c 05f5      	CPC  R31,R5
00008d f419      	BRNE _0x20003
                 ; 0001 0014 {
                 ; 0001 0015     flag=0;
00008e 2444      	CLR  R4
00008f 2455      	CLR  R5
                 ; 0001 0016 }
                 ; 0001 0017 else if(flag==0)
000090 c00f      	RJMP _0x20004
                 _0x20003:
000091 2c04      	MOV  R0,R4
000092 2805      	OR   R0,R5
000093 f461      	BRNE _0x20005
                 ; 0001 0018 {
                 ; 0001 0019     hour=0;
000094 2466      	CLR  R6
000095 2477      	CLR  R7
                 ; 0001 001A     min=0;
000096 2488      	CLR  R8
000097 2499      	CLR  R9
                 ; 0001 001B     sec=0;
000098 24aa      	CLR  R10
000099 24bb      	CLR  R11
                 ; 0001 001C     lcd_gotoxy(0,0);
00009a 940e 03af 	CALL SUBOPT_0x1
                 ; 0001 001D     sprintf(buffer,"%d:%d:%d   ",hour,min,sec);
                +
00009c e7e0     +LDI R30 , LOW ( 2 * _0x20000 + ( 0 ) )
00009d e0f0     +LDI R31 , HIGH ( 2 * _0x20000 + ( 0 ) )
                 	__POINTW1FN _0x20000,0
00009e 940e 03b9 	CALL SUBOPT_0x2
                 ; 0001 001E     lcd_puts(&buffer[0]);
                 ; 0001 001F }
                 ; 0001 0020 
                 ; 0001 0021 }
                 _0x20005:
                 _0x20004:
0000a0 c05b      	RJMP _0x20013
                 ; .FEND
                 ;
                 ;// External Interrupt 2 service routine
                 ;interrupt [EXT_INT2] void ext_int2_isr(void)
                 ; 0001 0025 {
                 _ext_int2_isr:
                 ; .FSTART _ext_int2_isr
0000a1 940e 03a1 	CALL SUBOPT_0x0
                 ; 0001 0026     if((PINB|0b11110111)==0b11110111)
0000a3 b3e6      	IN   R30,0x16
0000a4 6fe7      	ORI  R30,LOW(0xF7)
0000a5 3fe7      	CPI  R30,LOW(0xF7)
0000a6 f491      	BRNE _0x20006
                 ; 0001 0027     {
                 ; 0001 0028         if(count==0)
0000a7 2c0c      	MOV  R0,R12
0000a8 280d      	OR   R0,R13
0000a9 f439      	BRNE _0x20007
                 ; 0001 0029         {
                 ; 0001 002A             lcd_gotoxy(0,1);
0000aa 940e 03d2 	CALL SUBOPT_0x3
                 ; 0001 002B             lcd_putsf("FULL  ");
                +
0000ac e7ac     +LDI R26 , LOW ( 2 * _0x20000 + ( 12 ) )
0000ad e0b0     +LDI R27 , HIGH ( 2 * _0x20000 + ( 12 ) )
                 	__POINTW2FN _0x20000,12
0000ae 940e 0346 	CALL _lcd_putsf
                 ; 0001 002C         }
                 ; 0001 002D         else
0000b0 c007      	RJMP _0x20008
                 _0x20007:
                 ; 0001 002E         {
                 ; 0001 002F             count--;
0000b1 01f6      	MOVW R30,R12
0000b2 9731      	SBIW R30,1
0000b3 016f      	MOVW R12,R30
                 ; 0001 0030             lcd_gotoxy(0,1);
0000b4 940e 03d2 	CALL SUBOPT_0x3
                 ; 0001 0031             sprintf(buffer,"%d   ",count);
0000b6 940e 03d7 	CALL SUBOPT_0x4
                 ; 0001 0032             lcd_puts(&buffer[0]);
                 ; 0001 0033         }
                 _0x20008:
                 ; 0001 0034     }
                 ; 0001 0035     else if((PINB|0b11101111)==0b11101111)
0000b8 c014      	RJMP _0x20009
                 _0x20006:
0000b9 b3e6      	IN   R30,0x16
0000ba 6eef      	ORI  R30,LOW(0xEF)
0000bb 3eef      	CPI  R30,LOW(0xEF)
0000bc f481      	BRNE _0x2000A
                 ; 0001 0036     {
                 ; 0001 0037      count++;
0000bd 01f6      	MOVW R30,R12
0000be 9631      	ADIW R30,1
0000bf 016f      	MOVW R12,R30
0000c0 9731      	SBIW R30,1
                 ; 0001 0038      if(count==1001)
0000c1 eee9      	LDI  R30,LOW(1001)
0000c2 e0f3      	LDI  R31,HIGH(1001)
0000c3 15ec      	CP   R30,R12
0000c4 05fd      	CPC  R31,R13
0000c5 f419      	BRNE _0x2000B
                 ; 0001 0039      {
                 ; 0001 003A       count=1000;
0000c6 eee8      	LDI  R30,LOW(1000)
0000c7 e0f3      	LDI  R31,HIGH(1000)
0000c8 016f      	MOVW R12,R30
                 ; 0001 003B      }
                 ; 0001 003C      lcd_gotoxy(0,1);
                 _0x2000B:
0000c9 940e 03d2 	CALL SUBOPT_0x3
                 ; 0001 003D      sprintf(buffer,"%d   ",count);
0000cb 940e 03d7 	CALL SUBOPT_0x4
                 ; 0001 003E      lcd_puts(&buffer[0]);
                 ; 0001 003F     }
                 ; 0001 0040 
                 ; 0001 0041 
                 ; 0001 0042 }
                 _0x2000A:
                 _0x20009:
0000cd c02e      	RJMP _0x20013
                 ; .FEND
                 ;
                 ;// Timer 0 overflow interrupt service routine
                 ;interrupt [TIM0_OVF] void timer0_ovf_isr(void)
                 ; 0001 0046 {
                 _timer0_ovf_isr:
                 ; .FSTART _timer0_ovf_isr
0000ce 940e 03a1 	CALL SUBOPT_0x0
                 ; 0001 0047 // Reinitialize Timer 0 value
                 ; 0001 0048 TCNT0=0xB0;
0000d0 ebe0      	LDI  R30,LOW(176)
0000d1 bfe2      	OUT  0x32,R30
                 ; 0001 0049 if(flag==1)
0000d2 e0e1      	LDI  R30,LOW(1)
0000d3 e0f0      	LDI  R31,HIGH(1)
0000d4 15e4      	CP   R30,R4
0000d5 05f5      	CPC  R31,R5
0000d6 f529      	BRNE _0x2000C
                 ; 0001 004A {
                 ; 0001 004B     if(sec==59)
0000d7 e3eb      	LDI  R30,LOW(59)
0000d8 e0f0      	LDI  R31,HIGH(59)
0000d9 15ea      	CP   R30,R10
0000da 05fb      	CPC  R31,R11
0000db f4b9      	BRNE _0x2000D
                 ; 0001 004C     {
                 ; 0001 004D         if(min==59)
0000dc 15e8      	CP   R30,R8
0000dd 05f9      	CPC  R31,R9
0000de f471      	BRNE _0x2000E
                 ; 0001 004E         {
                 ; 0001 004F             if(hour==23)
0000df e1e7      	LDI  R30,LOW(23)
0000e0 e0f0      	LDI  R31,HIGH(23)
0000e1 15e6      	CP   R30,R6
0000e2 05f7      	CPC  R31,R7
0000e3 f419      	BRNE _0x2000F
                 ; 0001 0050             {
                 ; 0001 0051                 hour=0;
0000e4 2466      	CLR  R6
0000e5 2477      	CLR  R7
                 ; 0001 0052             }
                 ; 0001 0053             else
0000e6 c003      	RJMP _0x20010
                 _0x2000F:
                 ; 0001 0054             {
                 ; 0001 0055                 hour++;
0000e7 01f3      	MOVW R30,R6
0000e8 9631      	ADIW R30,1
0000e9 013f      	MOVW R6,R30
                 ; 0001 0056             }
                 _0x20010:
                 ; 0001 0057             min=0;
0000ea 2488      	CLR  R8
0000eb 2499      	CLR  R9
                 ; 0001 0058         }
                 ; 0001 0059         else
0000ec c003      	RJMP _0x20011
                 _0x2000E:
                 ; 0001 005A         {
                 ; 0001 005B             min++;
0000ed 01f4      	MOVW R30,R8
0000ee 9631      	ADIW R30,1
0000ef 014f      	MOVW R8,R30
                 ; 0001 005C         }
                 _0x20011:
                 ; 0001 005D         sec=0;
0000f0 24aa      	CLR  R10
0000f1 24bb      	CLR  R11
                 ; 0001 005E 
                 ; 0001 005F     }
                 ; 0001 0060     else
0000f2 c003      	RJMP _0x20012
                 _0x2000D:
                 ; 0001 0061     {
                 ; 0001 0062         sec++;
0000f3 01f5      	MOVW R30,R10
0000f4 9631      	ADIW R30,1
0000f5 015f      	MOVW R10,R30
                 ; 0001 0063     }
                 _0x20012:
                 ; 0001 0064     lcd_gotoxy(0,0);
0000f6 940e 03af 	CALL SUBOPT_0x1
                 ; 0001 0065     sprintf(buffer,"%d:%d:%d",hour,min,sec);
                +
0000f8 e8e3     +LDI R30 , LOW ( 2 * _0x20000 + ( 19 ) )
0000f9 e0f0     +LDI R31 , HIGH ( 2 * _0x20000 + ( 19 ) )
                 	__POINTW1FN _0x20000,19
0000fa 940e 03b9 	CALL SUBOPT_0x2
                 ; 0001 0066     lcd_puts(&buffer[0]);
                 ; 0001 0067 
                 ; 0001 0068 }
                 ; 0001 0069 
                 ; 0001 006A }
                 _0x2000C:
                 _0x20013:
0000fc 91e9      	LD   R30,Y+
0000fd bfef      	OUT  SREG,R30
0000fe 91f9      	LD   R31,Y+
0000ff 91e9      	LD   R30,Y+
000100 91b9      	LD   R27,Y+
000101 91a9      	LD   R26,Y+
000102 9199      	LD   R25,Y+
000103 9189      	LD   R24,Y+
000104 9179      	LD   R23,Y+
000105 9169      	LD   R22,Y+
000106 90f9      	LD   R15,Y+
000107 9019      	LD   R1,Y+
000108 9009      	LD   R0,Y+
000109 9518      	RETI
                 ; .FEND
                 ;
                 ;
                 ;#include <header.h>
                 	#ifndef __SLEEP_DEFINED__
                 	#endif
                 ;
                 ;void init_all_()
                 ; 0002 0004 {
                 
                 	.CSEG
                 _init_all_:
                 ; .FSTART _init_all_
                 ; 0002 0005     // Declare your local variables here
                 ; 0002 0006 
                 ; 0002 0007 // Input/Output Ports initialization
                 ; 0002 0008 // Port A initialization
                 ; 0002 0009 // Function: Bit7=In Bit6=In Bit5=In Bit4=In Bit3=In Bit2=In Bit1=In Bit0=In
                 ; 0002 000A DDRA=(0<<DDA7) | (0<<DDA6) | (0<<DDA5) | (0<<DDA4) | (0<<DDA3) | (0<<DDA2) | (0<<DDA1) | (0<<DDA0);
00010a e0e0      	LDI  R30,LOW(0)
00010b bbea      	OUT  0x1A,R30
                 ; 0002 000B // State: Bit7=P Bit6=P Bit5=P Bit4=P Bit3=P Bit2=P Bit1=P Bit0=P
                 ; 0002 000C PORTA=(1<<PORTA7) | (1<<PORTA6) | (1<<PORTA5) | (1<<PORTA4) | (1<<PORTA3) | (1<<PORTA2) | (1<<PORTA1) | (1<<PORTA0);
00010c efef      	LDI  R30,LOW(255)
00010d bbeb      	OUT  0x1B,R30
                 ; 0002 000D 
                 ; 0002 000E // Port B initialization
                 ; 0002 000F // Function: Bit7=In Bit6=In Bit5=In Bit4=In Bit3=In Bit2=In Bit1=In Bit0=In
                 ; 0002 0010 DDRB=(0<<DDB7) | (0<<DDB6) | (0<<DDB5) | (0<<DDB4) | (0<<DDB3) | (0<<DDB2) | (0<<DDB1) | (0<<DDB0);
00010e e0e0      	LDI  R30,LOW(0)
00010f bbe7      	OUT  0x17,R30
                 ; 0002 0011 // State: Bit7=T Bit6=T Bit5=T Bit4=T Bit3=P Bit2=P Bit1=T Bit0=T
                 ; 0002 0012 PORTB=(0<<PORTB7) | (0<<PORTB6) | (0<<PORTB5) | (0<<PORTB4) | (1<<PORTB3) | (1<<PORTB2) | (0<<PORTB1) | (0<<PORTB0);
000110 e0ec      	LDI  R30,LOW(12)
000111 bbe8      	OUT  0x18,R30
                 ; 0002 0013 
                 ; 0002 0014 // Port C initialization
                 ; 0002 0015 // Function: Bit7=Out Bit6=Out Bit5=Out Bit4=Out Bit3=Out Bit2=Out Bit1=Out Bit0=Out
                 ; 0002 0016 DDRC=(1<<DDC7) | (1<<DDC6) | (1<<DDC5) | (1<<DDC4) | (1<<DDC3) | (1<<DDC2) | (1<<DDC1) | (1<<DDC0);
000112 efef      	LDI  R30,LOW(255)
000113 bbe4      	OUT  0x14,R30
                 ; 0002 0017 // State: Bit7=0 Bit6=0 Bit5=0 Bit4=0 Bit3=0 Bit2=0 Bit1=0 Bit0=0
                 ; 0002 0018 PORTC=(0<<PORTC7) | (0<<PORTC6) | (0<<PORTC5) | (0<<PORTC4) | (0<<PORTC3) | (0<<PORTC2) | (0<<PORTC1) | (0<<PORTC0);
000114 e0e0      	LDI  R30,LOW(0)
000115 bbe5      	OUT  0x15,R30
                 ; 0002 0019 
                 ; 0002 001A // Port D initialization
                 ; 0002 001B // Function: Bit7=Out Bit6=Out Bit5=Out Bit4=Out Bit3=In Bit2=In Bit1=In Bit0=In
                 ; 0002 001C DDRD=(1<<DDD7) | (1<<DDD6) | (1<<DDD5) | (1<<DDD4) | (0<<DDD3) | (0<<DDD2) | (0<<DDD1) | (0<<DDD0);
000116 efe0      	LDI  R30,LOW(240)
000117 bbe1      	OUT  0x11,R30
                 ; 0002 001D // State: Bit7=0 Bit6=0 Bit5=0 Bit4=0 Bit3=T Bit2=T Bit1=T Bit0=T
                 ; 0002 001E PORTD=(0<<PORTD7) | (0<<PORTD6) | (0<<PORTD5) | (0<<PORTD4) | (0<<PORTD3) | (0<<PORTD2) | (0<<PORTD1) | (0<<PORTD0);
000118 e0e0      	LDI  R30,LOW(0)
000119 bbe2      	OUT  0x12,R30
                 ; 0002 001F 
                 ; 0002 0020 // Timer/Counter 0 initialization
                 ; 0002 0021 // Clock source: System Clock
                 ; 0002 0022 // Clock value: 8000.000 kHz
                 ; 0002 0023 // Mode: Normal top=0xFF
                 ; 0002 0024 // OC0 output: Disconnected
                 ; 0002 0025 // Timer Period: 0.01 ms
                 ; 0002 0026 TCCR0=(0<<WGM00) | (0<<COM01) | (0<<COM00) | (0<<WGM01) | (0<<CS02) | (0<<CS01) | (1<<CS00);
00011a e0e1      	LDI  R30,LOW(1)
00011b bfe3      	OUT  0x33,R30
                 ; 0002 0027 TCNT0=0xB0;
00011c ebe0      	LDI  R30,LOW(176)
00011d bfe2      	OUT  0x32,R30
                 ; 0002 0028 OCR0=0x00;
00011e e0e0      	LDI  R30,LOW(0)
00011f bfec      	OUT  0x3C,R30
                 ; 0002 0029 
                 ; 0002 002A // Timer(s)/Counter(s) Interrupt(s) initialization
                 ; 0002 002B TIMSK=(0<<OCIE2) | (0<<TOIE2) | (0<<TICIE1) | (0<<OCIE1A) | (0<<OCIE1B) | (0<<TOIE1) | (0<<OCIE0) | (1<<TOIE0);
000120 e0e1      	LDI  R30,LOW(1)
000121 bfe9      	OUT  0x39,R30
                 ; 0002 002C 
                 ; 0002 002D // External Interrupt(s) initialization
                 ; 0002 002E // INT0: On
                 ; 0002 002F // INT0 Mode: Falling Edge
                 ; 0002 0030 // INT1: On
                 ; 0002 0031 // INT1 Mode: Falling Edge
                 ; 0002 0032 // INT2: On
                 ; 0002 0033 // INT2 Mode: Falling Edge
                 ; 0002 0034 GICR|=(1<<INT1) | (1<<INT0) | (1<<INT2);
000122 b7eb      	IN   R30,0x3B
000123 6ee0      	ORI  R30,LOW(0xE0)
000124 bfeb      	OUT  0x3B,R30
                 ; 0002 0035 MCUCR=(1<<ISC11) | (0<<ISC10) | (1<<ISC01) | (0<<ISC00);
000125 e0ea      	LDI  R30,LOW(10)
000126 bfe5      	OUT  0x35,R30
                 ; 0002 0036 MCUCSR=(0<<ISC2);
000127 e0e0      	LDI  R30,LOW(0)
000128 bfe4      	OUT  0x34,R30
                 ; 0002 0037 GIFR=(1<<INTF1) | (1<<INTF0) | (1<<INTF2);
000129 eee0      	LDI  R30,LOW(224)
00012a bfea      	OUT  0x3A,R30
                 ; 0002 0038 
                 ; 0002 0039 // Alphanumeric LCD initialization
                 ; 0002 003A // Connections are specified in the
                 ; 0002 003B // Project|Configure|C Compiler|Libraries|Alphanumeric LCD menu:
                 ; 0002 003C // RS - PORTC Bit 0
                 ; 0002 003D // RD - PORTC Bit 1
                 ; 0002 003E // EN - PORTC Bit 2
                 ; 0002 003F // D4 - PORTC Bit 4
                 ; 0002 0040 // D5 - PORTC Bit 5
                 ; 0002 0041 // D6 - PORTC Bit 6
                 ; 0002 0042 // D7 - PORTC Bit 7
                 ; 0002 0043 // Characters/line: 16
                 ; 0002 0044 lcd_init(16);
00012b e1a0      	LDI  R26,LOW(16)
00012c 940e 0359 	CALL _lcd_init
                 ; 0002 0045 
                 ; 0002 0046 // Global enable interrupts
                 ; 0002 0047 #asm("sei")
00012e 9478      	sei
                 ; 0002 0048 }
00012f 9508      	RET
                 ; .FEND
                 	#ifndef __SLEEP_DEFINED__
                 	#endif
                 
                 	.CSEG
                 _put_buff_G100:
                 ; .FSTART _put_buff_G100
000130 93ba      	ST   -Y,R27
000131 93aa      	ST   -Y,R26
000132 931a      	ST   -Y,R17
000133 930a      	ST   -Y,R16
000134 81aa      	LDD  R26,Y+2
000135 81bb      	LDD  R27,Y+2+1
000136 9612      	ADIW R26,2
000137 940e 043d 	CALL __GETW1P
000139 9730      	SBIW R30,0
00013a f159      	BREQ _0x2000010
00013b 81aa      	LDD  R26,Y+2
00013c 81bb      	LDD  R27,Y+2+1
00013d 9614      	ADIW R26,4
00013e 940e 043d 	CALL __GETW1P
000140 018f      	MOVW R16,R30
000141 9730      	SBIW R30,0
000142 f061      	BREQ _0x2000012
                +
000143 3002     +CPI R16 , LOW ( 2 )
000144 e0e0     +LDI R30 , HIGH ( 2 )
000145 071e     +CPC R17 , R30
                 	__CPWRN 16,17,2
000146 f098      	BRLO _0x2000013
000147 01f8      	MOVW R30,R16
000148 9731      	SBIW R30,1
000149 018f      	MOVW R16,R30
                +
00014a 81aa     +LDD R26 , Y + 2
00014b 81bb     +LDD R27 , Y + 2 + 1
00014c 9614     +ADIW R26 , 4
00014d 93ed     +ST X + , R30
00014e 93fc     +ST X , R31
                 	__PUTW1SNS 2,4
                 _0x2000012:
00014f 81aa      	LDD  R26,Y+2
000150 81bb      	LDD  R27,Y+2+1
000151 9612      	ADIW R26,2
000152 91ed      	LD   R30,X+
000153 91fd      	LD   R31,X+
000154 9631      	ADIW R30,1
000155 93fe      	ST   -X,R31
000156 93ee      	ST   -X,R30
000157 9731      	SBIW R30,1
000158 81ac      	LDD  R26,Y+4
000159 83a0      	STD  Z+0,R26
                 _0x2000013:
00015a 81aa      	LDD  R26,Y+2
00015b 81bb      	LDD  R27,Y+2+1
00015c 940e 043d 	CALL __GETW1P
00015e 23ff      	TST  R31
00015f f02a      	BRMI _0x2000014
000160 91ed      	LD   R30,X+
000161 91fd      	LD   R31,X+
000162 9631      	ADIW R30,1
000163 93fe      	ST   -X,R31
000164 93ee      	ST   -X,R30
                 _0x2000014:
000165 c006      	RJMP _0x2000015
                 _0x2000010:
000166 81aa      	LDD  R26,Y+2
000167 81bb      	LDD  R27,Y+2+1
000168 efef      	LDI  R30,LOW(65535)
000169 efff      	LDI  R31,HIGH(65535)
00016a 93ed      	ST   X+,R30
00016b 93fc      	ST   X,R31
                 _0x2000015:
00016c 8119      	LDD  R17,Y+1
00016d 8108      	LDD  R16,Y+0
00016e 9625      	ADIW R28,5
00016f 9508      	RET
                 ; .FEND
                 __print_G100:
                 ; .FSTART __print_G100
000170 93ba      	ST   -Y,R27
000171 93aa      	ST   -Y,R26
000172 9726      	SBIW R28,6
000173 940e 044a 	CALL __SAVELOCR6
000175 e010      	LDI  R17,0
000176 85ac      	LDD  R26,Y+12
000177 85bd      	LDD  R27,Y+12+1
000178 e0e0      	LDI  R30,LOW(0)
000179 e0f0      	LDI  R31,HIGH(0)
00017a 93ed      	ST   X+,R30
00017b 93fc      	ST   X,R31
                 _0x2000016:
00017c 89ea      	LDD  R30,Y+18
00017d 89fb      	LDD  R31,Y+18+1
00017e 9631      	ADIW R30,1
00017f 8bea      	STD  Y+18,R30
000180 8bfb      	STD  Y+18+1,R31
000181 9731      	SBIW R30,1
000182 91e4      	LPM  R30,Z
000183 2f2e      	MOV  R18,R30
000184 30e0      	CPI  R30,0
000185 f409      	BRNE PC+2
000186 c115      	RJMP _0x2000018
000187 2fe1      	MOV  R30,R17
000188 30e0      	CPI  R30,0
000189 f439      	BRNE _0x200001C
00018a 3225      	CPI  R18,37
00018b f411      	BRNE _0x200001D
00018c e011      	LDI  R17,LOW(1)
00018d c002      	RJMP _0x200001E
                 _0x200001D:
00018e 940e 03ec 	CALL SUBOPT_0x5
                 _0x200001E:
000190 c10a      	RJMP _0x200001B
                 _0x200001C:
000191 30e1      	CPI  R30,LOW(0x1)
000192 f4a9      	BRNE _0x200001F
000193 3225      	CPI  R18,37
000194 f419      	BRNE _0x2000020
000195 940e 03ec 	CALL SUBOPT_0x5
000197 c102      	RJMP _0x20000CC
                 _0x2000020:
000198 e012      	LDI  R17,LOW(2)
000199 e040      	LDI  R20,LOW(0)
00019a e000      	LDI  R16,LOW(0)
00019b 322d      	CPI  R18,45
00019c f411      	BRNE _0x2000021
00019d e001      	LDI  R16,LOW(1)
00019e c0fc      	RJMP _0x200001B
                 _0x2000021:
00019f 322b      	CPI  R18,43
0001a0 f411      	BRNE _0x2000022
0001a1 e24b      	LDI  R20,LOW(43)
0001a2 c0f8      	RJMP _0x200001B
                 _0x2000022:
0001a3 3220      	CPI  R18,32
0001a4 f411      	BRNE _0x2000023
0001a5 e240      	LDI  R20,LOW(32)
0001a6 c0f4      	RJMP _0x200001B
                 _0x2000023:
0001a7 c002      	RJMP _0x2000024
                 _0x200001F:
0001a8 30e2      	CPI  R30,LOW(0x2)
0001a9 f439      	BRNE _0x2000025
                 _0x2000024:
0001aa e050      	LDI  R21,LOW(0)
0001ab e013      	LDI  R17,LOW(3)
0001ac 3320      	CPI  R18,48
0001ad f411      	BRNE _0x2000026
0001ae 6800      	ORI  R16,LOW(128)
0001af c0eb      	RJMP _0x200001B
                 _0x2000026:
0001b0 c003      	RJMP _0x2000027
                 _0x2000025:
0001b1 30e3      	CPI  R30,LOW(0x3)
0001b2 f009      	BREQ PC+2
0001b3 c0e7      	RJMP _0x200001B
                 _0x2000027:
0001b4 3320      	CPI  R18,48
0001b5 f010      	BRLO _0x200002A
0001b6 332a      	CPI  R18,58
0001b7 f008      	BRLO _0x200002B
                 _0x200002A:
0001b8 c007      	RJMP _0x2000029
                 _0x200002B:
0001b9 e0aa      	LDI  R26,LOW(10)
0001ba 9f5a      	MUL  R21,R26
0001bb 2d50      	MOV  R21,R0
0001bc 2fe2      	MOV  R30,R18
0001bd 53e0      	SUBI R30,LOW(48)
0001be 0f5e      	ADD  R21,R30
0001bf c0db      	RJMP _0x200001B
                 _0x2000029:
0001c0 2fe2      	MOV  R30,R18
0001c1 36e3      	CPI  R30,LOW(0x63)
0001c2 f449      	BRNE _0x200002F
0001c3 940e 03f3 	CALL SUBOPT_0x6
0001c5 89e8      	LDD  R30,Y+16
0001c6 89f9      	LDD  R31,Y+16+1
0001c7 81a4      	LDD  R26,Z+4
0001c8 93aa      	ST   -Y,R26
0001c9 940e 03f9 	CALL SUBOPT_0x7
0001cb c0ce      	RJMP _0x2000030
                 _0x200002F:
0001cc 37e3      	CPI  R30,LOW(0x73)
0001cd f441      	BRNE _0x2000032
0001ce 940e 03f3 	CALL SUBOPT_0x6
0001d0 940e 03ff 	CALL SUBOPT_0x8
0001d2 940e 0388 	CALL _strlen
0001d4 2f1e      	MOV  R17,R30
0001d5 c00a      	RJMP _0x2000033
                 _0x2000032:
0001d6 37e0      	CPI  R30,LOW(0x70)
0001d7 f461      	BRNE _0x2000035
0001d8 940e 03f3 	CALL SUBOPT_0x6
0001da 940e 03ff 	CALL SUBOPT_0x8
0001dc 940e 0394 	CALL _strlenf
0001de 2f1e      	MOV  R17,R30
0001df 6008      	ORI  R16,LOW(8)
                 _0x2000033:
0001e0 6002      	ORI  R16,LOW(2)
0001e1 770f      	ANDI R16,LOW(127)
0001e2 e030      	LDI  R19,LOW(0)
0001e3 c034      	RJMP _0x2000036
                 _0x2000035:
0001e4 36e4      	CPI  R30,LOW(0x64)
0001e5 f011      	BREQ _0x2000039
0001e6 36e9      	CPI  R30,LOW(0x69)
0001e7 f411      	BRNE _0x200003A
                 _0x2000039:
0001e8 6004      	ORI  R16,LOW(4)
0001e9 c002      	RJMP _0x200003B
                 _0x200003A:
0001ea 37e5      	CPI  R30,LOW(0x75)
0001eb f431      	BRNE _0x200003C
                 _0x200003B:
0001ec e5e4      	LDI  R30,LOW(_tbl10_G100*2)
0001ed e0f0      	LDI  R31,HIGH(_tbl10_G100*2)
0001ee 83ee      	STD  Y+6,R30
0001ef 83ff      	STD  Y+6+1,R31
0001f0 e015      	LDI  R17,LOW(5)
0001f1 c00c      	RJMP _0x200003D
                 _0x200003C:
0001f2 35e8      	CPI  R30,LOW(0x58)
0001f3 f411      	BRNE _0x200003F
0001f4 6008      	ORI  R16,LOW(8)
0001f5 c003      	RJMP _0x2000040
                 _0x200003F:
0001f6 37e8      	CPI  R30,LOW(0x78)
0001f7 f009      	BREQ PC+2
0001f8 c0a1      	RJMP _0x2000071
                 _0x2000040:
0001f9 e5ee      	LDI  R30,LOW(_tbl16_G100*2)
0001fa e0f0      	LDI  R31,HIGH(_tbl16_G100*2)
0001fb 83ee      	STD  Y+6,R30
0001fc 83ff      	STD  Y+6+1,R31
0001fd e014      	LDI  R17,LOW(4)
                 _0x200003D:
0001fe ff02      	SBRS R16,2
0001ff c014      	RJMP _0x2000042
000200 940e 03f3 	CALL SUBOPT_0x6
000202 940e 0409 	CALL SUBOPT_0x9
000204 85ab      	LDD  R26,Y+11
000205 23aa      	TST  R26
000206 f43a      	BRPL _0x2000043
000207 85ea      	LDD  R30,Y+10
000208 85fb      	LDD  R31,Y+10+1
000209 940e 0434 	CALL __ANEGW1
00020b 87ea      	STD  Y+10,R30
00020c 87fb      	STD  Y+10+1,R31
00020d e24d      	LDI  R20,LOW(45)
                 _0x2000043:
00020e 3040      	CPI  R20,0
00020f f011      	BREQ _0x2000044
000210 5f1f      	SUBI R17,-LOW(1)
000211 c001      	RJMP _0x2000045
                 _0x2000044:
000212 7f0b      	ANDI R16,LOW(251)
                 _0x2000045:
000213 c004      	RJMP _0x2000046
                 _0x2000042:
000214 940e 03f3 	CALL SUBOPT_0x6
000216 940e 0409 	CALL SUBOPT_0x9
                 _0x2000046:
                 _0x2000036:
000218 fd00      	SBRC R16,0
000219 c011      	RJMP _0x2000047
                 _0x2000048:
00021a 1715      	CP   R17,R21
00021b f478      	BRSH _0x200004A
00021c ff07      	SBRS R16,7
00021d c008      	RJMP _0x200004B
00021e ff02      	SBRS R16,2
00021f c004      	RJMP _0x200004C
000220 7f0b      	ANDI R16,LOW(251)
000221 2f24      	MOV  R18,R20
000222 5011      	SUBI R17,LOW(1)
000223 c001      	RJMP _0x200004D
                 _0x200004C:
000224 e320      	LDI  R18,LOW(48)
                 _0x200004D:
000225 c001      	RJMP _0x200004E
                 _0x200004B:
000226 e220      	LDI  R18,LOW(32)
                 _0x200004E:
000227 940e 03ec 	CALL SUBOPT_0x5
000229 5051      	SUBI R21,LOW(1)
00022a cfef      	RJMP _0x2000048
                 _0x200004A:
                 _0x2000047:
00022b 2f31      	MOV  R19,R17
00022c ff01      	SBRS R16,1
00022d c017      	RJMP _0x200004F
                 _0x2000050:
00022e 3030      	CPI  R19,0
00022f f0a1      	BREQ _0x2000052
000230 ff03      	SBRS R16,3
000231 c006      	RJMP _0x2000053
000232 81ee      	LDD  R30,Y+6
000233 81ff      	LDD  R31,Y+6+1
000234 9125      	LPM  R18,Z+
000235 83ee      	STD  Y+6,R30
000236 83ff      	STD  Y+6+1,R31
000237 c005      	RJMP _0x2000054
                 _0x2000053:
000238 81ae      	LDD  R26,Y+6
000239 81bf      	LDD  R27,Y+6+1
00023a 912d      	LD   R18,X+
00023b 83ae      	STD  Y+6,R26
00023c 83bf      	STD  Y+6+1,R27
                 _0x2000054:
00023d 940e 03ec 	CALL SUBOPT_0x5
00023f 3050      	CPI  R21,0
000240 f009      	BREQ _0x2000055
000241 5051      	SUBI R21,LOW(1)
                 _0x2000055:
000242 5031      	SUBI R19,LOW(1)
000243 cfea      	RJMP _0x2000050
                 _0x2000052:
000244 c04b      	RJMP _0x2000056
                 _0x200004F:
                 _0x2000058:
000245 e320      	LDI  R18,LOW(48)
000246 81ee      	LDD  R30,Y+6
000247 81ff      	LDD  R31,Y+6+1
000248 940e 0441 	CALL __GETW1PF
00024a 87e8      	STD  Y+8,R30
00024b 87f9      	STD  Y+8+1,R31
00024c 81ee      	LDD  R30,Y+6
00024d 81ff      	LDD  R31,Y+6+1
00024e 9632      	ADIW R30,2
00024f 83ee      	STD  Y+6,R30
000250 83ff      	STD  Y+6+1,R31
                 _0x200005A:
000251 85e8      	LDD  R30,Y+8
000252 85f9      	LDD  R31,Y+8+1
000253 85aa      	LDD  R26,Y+10
000254 85bb      	LDD  R27,Y+10+1
000255 17ae      	CP   R26,R30
000256 07bf      	CPC  R27,R31
000257 f050      	BRLO _0x200005C
000258 5f2f      	SUBI R18,-LOW(1)
000259 85a8      	LDD  R26,Y+8
00025a 85b9      	LDD  R27,Y+8+1
00025b 85ea      	LDD  R30,Y+10
00025c 85fb      	LDD  R31,Y+10+1
00025d 1bea      	SUB  R30,R26
00025e 0bfb      	SBC  R31,R27
00025f 87ea      	STD  Y+10,R30
000260 87fb      	STD  Y+10+1,R31
000261 cfef      	RJMP _0x200005A
                 _0x200005C:
000262 332a      	CPI  R18,58
000263 f028      	BRLO _0x200005D
000264 ff03      	SBRS R16,3
000265 c002      	RJMP _0x200005E
000266 5f29      	SUBI R18,-LOW(7)
000267 c001      	RJMP _0x200005F
                 _0x200005E:
000268 5d29      	SUBI R18,-LOW(39)
                 _0x200005F:
                 _0x200005D:
000269 fd04      	SBRC R16,4
00026a c01a      	RJMP _0x2000061
00026b 3321      	CPI  R18,49
00026c f420      	BRSH _0x2000063
00026d 85a8      	LDD  R26,Y+8
00026e 85b9      	LDD  R27,Y+8+1
00026f 9711      	SBIW R26,1
000270 f409      	BRNE _0x2000062
                 _0x2000063:
000271 c009      	RJMP _0x20000CD
                 _0x2000062:
000272 1753      	CP   R21,R19
000273 f010      	BRLO _0x2000067
000274 ff00      	SBRS R16,0
000275 c001      	RJMP _0x2000068
                 _0x2000067:
000276 c013      	RJMP _0x2000066
                 _0x2000068:
000277 e220      	LDI  R18,LOW(32)
000278 ff07      	SBRS R16,7
000279 c00b      	RJMP _0x2000069
00027a e320      	LDI  R18,LOW(48)
                 _0x20000CD:
00027b 6100      	ORI  R16,LOW(16)
00027c ff02      	SBRS R16,2
00027d c007      	RJMP _0x200006A
00027e 7f0b      	ANDI R16,LOW(251)
00027f 934a      	ST   -Y,R20
000280 940e 03f9 	CALL SUBOPT_0x7
000282 3050      	CPI  R21,0
000283 f009      	BREQ _0x200006B
000284 5051      	SUBI R21,LOW(1)
                 _0x200006B:
                 _0x200006A:
                 _0x2000069:
                 _0x2000061:
000285 940e 03ec 	CALL SUBOPT_0x5
000287 3050      	CPI  R21,0
000288 f009      	BREQ _0x200006C
000289 5051      	SUBI R21,LOW(1)
                 _0x200006C:
                 _0x2000066:
00028a 5031      	SUBI R19,LOW(1)
00028b 85a8      	LDD  R26,Y+8
00028c 85b9      	LDD  R27,Y+8+1
00028d 9712      	SBIW R26,2
00028e f008      	BRLO _0x2000059
00028f cfb5      	RJMP _0x2000058
                 _0x2000059:
                 _0x2000056:
000290 ff00      	SBRS R16,0
000291 c008      	RJMP _0x200006D
                 _0x200006E:
000292 3050      	CPI  R21,0
000293 f031      	BREQ _0x2000070
000294 5051      	SUBI R21,LOW(1)
000295 e2e0      	LDI  R30,LOW(32)
000296 93ea      	ST   -Y,R30
000297 940e 03f9 	CALL SUBOPT_0x7
000299 cff8      	RJMP _0x200006E
                 _0x2000070:
                 _0x200006D:
                 _0x2000071:
                 _0x2000030:
                 _0x20000CC:
00029a e010      	LDI  R17,LOW(0)
                 _0x200001B:
00029b cee0      	RJMP _0x2000016
                 _0x2000018:
00029c 85ac      	LDD  R26,Y+12
00029d 85bd      	LDD  R27,Y+12+1
00029e 940e 043d 	CALL __GETW1P
0002a0 940e 0451 	CALL __LOADLOCR6
0002a2 9664      	ADIW R28,20
0002a3 9508      	RET
                 ; .FEND
                 _sprintf:
                 ; .FSTART _sprintf
0002a4 92ff      	PUSH R15
0002a5 2ef8      	MOV  R15,R24
0002a6 9726      	SBIW R28,6
0002a7 940e 044c 	CALL __SAVELOCR4
0002a9 940e 0411 	CALL SUBOPT_0xA
0002ab 9730      	SBIW R30,0
0002ac f419      	BRNE _0x2000072
0002ad efef      	LDI  R30,LOW(65535)
0002ae efff      	LDI  R31,HIGH(65535)
0002af c023      	RJMP _0x2080003
                 _0x2000072:
0002b0 01de      	MOVW R26,R28
0002b1 9616      	ADIW R26,6
0002b2 940e 0430 	CALL __ADDW2R15
0002b4 018d      	MOVW R16,R26
0002b5 940e 0411 	CALL SUBOPT_0xA
0002b7 83ee      	STD  Y+6,R30
0002b8 83ff      	STD  Y+6+1,R31
0002b9 e0e0      	LDI  R30,LOW(0)
0002ba 87e8      	STD  Y+8,R30
0002bb 87e9      	STD  Y+8+1,R30
0002bc 01de      	MOVW R26,R28
0002bd 961a      	ADIW R26,10
0002be 940e 0430 	CALL __ADDW2R15
0002c0 940e 043d 	CALL __GETW1P
0002c2 93fa      	ST   -Y,R31
0002c3 93ea      	ST   -Y,R30
0002c4 931a      	ST   -Y,R17
0002c5 930a      	ST   -Y,R16
0002c6 e3e0      	LDI  R30,LOW(_put_buff_G100)
0002c7 e0f1      	LDI  R31,HIGH(_put_buff_G100)
0002c8 93fa      	ST   -Y,R31
0002c9 93ea      	ST   -Y,R30
0002ca 01de      	MOVW R26,R28
0002cb 961a      	ADIW R26,10
0002cc dea3      	RCALL __print_G100
0002cd 019f      	MOVW R18,R30
0002ce 81ae      	LDD  R26,Y+6
0002cf 81bf      	LDD  R27,Y+6+1
0002d0 e0e0      	LDI  R30,LOW(0)
0002d1 93ec      	ST   X,R30
0002d2 01f9      	MOVW R30,R18
                 _0x2080003:
0002d3 940e 0453 	CALL __LOADLOCR4
0002d5 962a      	ADIW R28,10
0002d6 90ff      	POP  R15
0002d7 9508      	RET
                 ; .FEND
                 	#ifndef __SLEEP_DEFINED__
                 	#endif
                 
                 	.DSEG
                 
                 	.CSEG
                 __lcd_write_nibble_G101:
                 ; .FSTART __lcd_write_nibble_G101
0002d8 93aa      	ST   -Y,R26
0002d9 b3e5      	IN   R30,0x15
0002da 70ef      	ANDI R30,LOW(0xF)
0002db 2fae      	MOV  R26,R30
0002dc 81e8      	LD   R30,Y
0002dd 7fe0      	ANDI R30,LOW(0xF0)
0002de 2bea      	OR   R30,R26
0002df bbe5      	OUT  0x15,R30
                +
0002e0 e08d     +LDI R24 , LOW ( 13 )
                +__DELAY_USB_LOOP :
0002e1 958a     +DEC R24
0002e2 f7f1     +BRNE __DELAY_USB_LOOP
                 	__DELAY_USB 13
0002e3 9aaa      	SBI  0x15,2
                +
0002e4 e08d     +LDI R24 , LOW ( 13 )
                +__DELAY_USB_LOOP :
0002e5 958a     +DEC R24
0002e6 f7f1     +BRNE __DELAY_USB_LOOP
                 	__DELAY_USB 13
0002e7 98aa      	CBI  0x15,2
                +
0002e8 e08d     +LDI R24 , LOW ( 13 )
                +__DELAY_USB_LOOP :
0002e9 958a     +DEC R24
0002ea f7f1     +BRNE __DELAY_USB_LOOP
                 	__DELAY_USB 13
0002eb c09a      	RJMP _0x2080001
                 ; .FEND
                 __lcd_write_data:
                 ; .FSTART __lcd_write_data
0002ec 93aa      	ST   -Y,R26
0002ed 81a8      	LD   R26,Y
0002ee dfe9      	RCALL __lcd_write_nibble_G101
0002ef 81e8          ld    r30,y
0002f0 95e2          swap  r30
0002f1 83e8          st    y,r30
0002f2 81a8      	LD   R26,Y
0002f3 dfe4      	RCALL __lcd_write_nibble_G101
                +
0002f4 e885     +LDI R24 , LOW ( 133 )
                +__DELAY_USB_LOOP :
0002f5 958a     +DEC R24
0002f6 f7f1     +BRNE __DELAY_USB_LOOP
                 	__DELAY_USB 133
0002f7 c08e      	RJMP _0x2080001
                 ; .FEND
                 _lcd_gotoxy:
                 ; .FSTART _lcd_gotoxy
0002f8 93aa      	ST   -Y,R26
0002f9 81e8      	LD   R30,Y
0002fa e0f0      	LDI  R31,0
0002fb 56e4      	SUBI R30,LOW(-__base_y_G101)
0002fc 4ffe      	SBCI R31,HIGH(-__base_y_G101)
0002fd 81e0      	LD   R30,Z
0002fe 81a9      	LDD  R26,Y+1
0002ff 0fae      	ADD  R26,R30
000300 dfeb      	RCALL __lcd_write_data
000301 81e9      	LDD  R30,Y+1
000302 93e0 01a0 	STS  __lcd_x,R30
000304 81e8      	LD   R30,Y
000305 93e0 01a1 	STS  __lcd_y,R30
000307 9622      	ADIW R28,2
000308 9508      	RET
                 ; .FEND
                 _lcd_clear:
                 ; .FSTART _lcd_clear
000309 e0a2      	LDI  R26,LOW(2)
00030a 940e 0418 	CALL SUBOPT_0xB
00030c e0ac      	LDI  R26,LOW(12)
00030d dfde      	RCALL __lcd_write_data
00030e e0a1      	LDI  R26,LOW(1)
00030f 940e 0418 	CALL SUBOPT_0xB
000311 e0e0      	LDI  R30,LOW(0)
000312 93e0 01a1 	STS  __lcd_y,R30
000314 93e0 01a0 	STS  __lcd_x,R30
000316 9508      	RET
                 ; .FEND
                 _lcd_putchar:
                 ; .FSTART _lcd_putchar
000317 93aa      	ST   -Y,R26
000318 81a8      	LD   R26,Y
000319 30aa      	CPI  R26,LOW(0xA)
00031a f031      	BREQ _0x2020005
00031b 91e0 01a2 	LDS  R30,__lcd_maxx
00031d 91a0 01a0 	LDS  R26,__lcd_x
00031f 17ae      	CP   R26,R30
000320 f060      	BRLO _0x2020004
                 _0x2020005:
000321 e0e0      	LDI  R30,LOW(0)
000322 93ea      	ST   -Y,R30
000323 91a0 01a1 	LDS  R26,__lcd_y
000325 5faf      	SUBI R26,-LOW(1)
000326 93a0 01a1 	STS  __lcd_y,R26
000328 dfcf      	RCALL _lcd_gotoxy
000329 81a8      	LD   R26,Y
00032a 30aa      	CPI  R26,LOW(0xA)
00032b f409      	BRNE _0x2020007
00032c c059      	RJMP _0x2080001
                 _0x2020007:
                 _0x2020004:
00032d 91e0 01a0 	LDS  R30,__lcd_x
00032f 5fef      	SUBI R30,-LOW(1)
000330 93e0 01a0 	STS  __lcd_x,R30
000332 9aa8      	SBI  0x15,0
000333 81a8      	LD   R26,Y
000334 dfb7      	RCALL __lcd_write_data
000335 98a8      	CBI  0x15,0
000336 c04f      	RJMP _0x2080001
                 ; .FEND
                 _lcd_puts:
                 ; .FSTART _lcd_puts
000337 93ba      	ST   -Y,R27
000338 93aa      	ST   -Y,R26
000339 931a      	ST   -Y,R17
                 _0x2020008:
00033a 81a9      	LDD  R26,Y+1
00033b 81ba      	LDD  R27,Y+1+1
00033c 91ed      	LD   R30,X+
00033d 83a9      	STD  Y+1,R26
00033e 83ba      	STD  Y+1+1,R27
00033f 2f1e      	MOV  R17,R30
000340 30e0      	CPI  R30,0
000341 f019      	BREQ _0x202000A
000342 2fa1      	MOV  R26,R17
000343 dfd3      	RCALL _lcd_putchar
000344 cff5      	RJMP _0x2020008
                 _0x202000A:
000345 c010      	RJMP _0x2080002
                 ; .FEND
                 _lcd_putsf:
                 ; .FSTART _lcd_putsf
000346 93ba      	ST   -Y,R27
000347 93aa      	ST   -Y,R26
000348 931a      	ST   -Y,R17
                 _0x202000B:
000349 81e9      	LDD  R30,Y+1
00034a 81fa      	LDD  R31,Y+1+1
00034b 9631      	ADIW R30,1
00034c 83e9      	STD  Y+1,R30
00034d 83fa      	STD  Y+1+1,R31
00034e 9731      	SBIW R30,1
00034f 91e4      	LPM  R30,Z
000350 2f1e      	MOV  R17,R30
000351 30e0      	CPI  R30,0
000352 f019      	BREQ _0x202000D
000353 2fa1      	MOV  R26,R17
000354 dfc2      	RCALL _lcd_putchar
000355 cff3      	RJMP _0x202000B
                 _0x202000D:
                 _0x2080002:
000356 8118      	LDD  R17,Y+0
000357 9623      	ADIW R28,3
000358 9508      	RET
                 ; .FEND
                 _lcd_init:
                 ; .FSTART _lcd_init
000359 93aa      	ST   -Y,R26
00035a b3e4      	IN   R30,0x14
00035b 6fe0      	ORI  R30,LOW(0xF0)
00035c bbe4      	OUT  0x14,R30
00035d 9aa2      	SBI  0x14,2
00035e 9aa0      	SBI  0x14,0
00035f 9aa1      	SBI  0x14,1
000360 98aa      	CBI  0x15,2
000361 98a8      	CBI  0x15,0
000362 98a9      	CBI  0x15,1
000363 81e8      	LD   R30,Y
000364 93e0 01a2 	STS  __lcd_maxx,R30
000366 58e0      	SUBI R30,-LOW(128)
                +
000367 93e0 019e+STS __base_y_G101 + ( 2 ) , R30
                 	__PUTB1MN __base_y_G101,2
000369 81e8      	LD   R30,Y
00036a 54e0      	SUBI R30,-LOW(192)
                +
00036b 93e0 019f+STS __base_y_G101 + ( 3 ) , R30
                 	__PUTB1MN __base_y_G101,3
00036d e1a4      	LDI  R26,LOW(20)
00036e e0b0      	LDI  R27,0
00036f 940e 0426 	CALL _delay_ms
000371 940e 041e 	CALL SUBOPT_0xC
000373 940e 041e 	CALL SUBOPT_0xC
000375 940e 041e 	CALL SUBOPT_0xC
000377 e2a0      	LDI  R26,LOW(32)
000378 df5f      	RCALL __lcd_write_nibble_G101
                +
000379 ec88     +LDI R24 , LOW ( 200 )
00037a e090     +LDI R25 , HIGH ( 200 )
                +__DELAY_USW_LOOP :
00037b 9701     +SBIW R24 , 1
00037c f7f1     +BRNE __DELAY_USW_LOOP
                 	__DELAY_USW 200
00037d e2a8      	LDI  R26,LOW(40)
00037e df6d      	RCALL __lcd_write_data
00037f e0a4      	LDI  R26,LOW(4)
000380 df6b      	RCALL __lcd_write_data
000381 e8a5      	LDI  R26,LOW(133)
000382 df69      	RCALL __lcd_write_data
000383 e0a6      	LDI  R26,LOW(6)
000384 df67      	RCALL __lcd_write_data
000385 df83      	RCALL _lcd_clear
                 _0x2080001:
000386 9621      	ADIW R28,1
000387 9508      	RET
                 ; .FEND
                 
                 	.CSEG
                 
                 	.CSEG
                 _strlen:
                 ; .FSTART _strlen
000388 93ba      	ST   -Y,R27
000389 93aa      	ST   -Y,R26
00038a 91a9          ld   r26,y+
00038b 91b9          ld   r27,y+
00038c 27ee          clr  r30
00038d 27ff          clr  r31
                 strlen0:
00038e 916d          ld   r22,x+
00038f 2366          tst  r22
000390 f011          breq strlen1
000391 9631          adiw r30,1
000392 cffb          rjmp strlen0
                 strlen1:
000393 9508          ret
                 ; .FEND
                 _strlenf:
                 ; .FSTART _strlenf
000394 93ba      	ST   -Y,R27
000395 93aa      	ST   -Y,R26
000396 27aa          clr  r26
000397 27bb          clr  r27
000398 91e9          ld   r30,y+
000399 91f9          ld   r31,y+
                 strlenf0:
00039a 9005      	lpm  r0,z+
00039b 2000          tst  r0
00039c f011          breq strlenf1
00039d 9611          adiw r26,1
00039e cffb          rjmp strlenf0
                 strlenf1:
00039f 01fd          movw r30,r26
0003a0 9508          ret
                 ; .FEND
                 
                 	.DSEG
                 _buffer:
000160           	.BYTE 0x3C
                 __base_y_G101:
00019c           	.BYTE 0x4
                 __lcd_x:
0001a0           	.BYTE 0x1
                 __lcd_y:
0001a1           	.BYTE 0x1
                 __lcd_maxx:
0001a2           	.BYTE 0x1
                 
                 	.CSEG
                 ;OPTIMIZER ADDED SUBROUTINE, CALLED 3 TIMES, CODE SIZE REDUCTION:19 WORDS
                 SUBOPT_0x0:
0003a1 920a      	ST   -Y,R0
0003a2 921a      	ST   -Y,R1
0003a3 92fa      	ST   -Y,R15
0003a4 936a      	ST   -Y,R22
0003a5 937a      	ST   -Y,R23
0003a6 938a      	ST   -Y,R24
0003a7 939a      	ST   -Y,R25
0003a8 93aa      	ST   -Y,R26
0003a9 93ba      	ST   -Y,R27
0003aa 93ea      	ST   -Y,R30
0003ab 93fa      	ST   -Y,R31
0003ac b7ef      	IN   R30,SREG
0003ad 93ea      	ST   -Y,R30
0003ae 9508      	RET
                 
                 ;OPTIMIZER ADDED SUBROUTINE, CALLED 2 TIMES, CODE SIZE REDUCTION:4 WORDS
                 SUBOPT_0x1:
0003af e0e0      	LDI  R30,LOW(0)
0003b0 93ea      	ST   -Y,R30
0003b1 e0a0      	LDI  R26,LOW(0)
0003b2 940e 02f8 	CALL _lcd_gotoxy
0003b4 e6e0      	LDI  R30,LOW(_buffer)
0003b5 e0f1      	LDI  R31,HIGH(_buffer)
0003b6 93fa      	ST   -Y,R31
0003b7 93ea      	ST   -Y,R30
0003b8 9508      	RET
                 
                 ;OPTIMIZER ADDED SUBROUTINE, CALLED 2 TIMES, CODE SIZE REDUCTION:20 WORDS
                 SUBOPT_0x2:
0003b9 93fa      	ST   -Y,R31
0003ba 93ea      	ST   -Y,R30
0003bb 01f3      	MOVW R30,R6
0003bc 940e 0438 	CALL __CWD1
0003be 940e 0445 	CALL __PUTPARD1
0003c0 01f4      	MOVW R30,R8
0003c1 940e 0438 	CALL __CWD1
0003c3 940e 0445 	CALL __PUTPARD1
0003c5 01f5      	MOVW R30,R10
0003c6 940e 0438 	CALL __CWD1
0003c8 940e 0445 	CALL __PUTPARD1
0003ca e08c      	LDI  R24,12
0003cb 940e 02a4 	CALL _sprintf
0003cd 9660      	ADIW R28,16
0003ce e6a0      	LDI  R26,LOW(_buffer)
0003cf e0b1      	LDI  R27,HIGH(_buffer)
0003d0 940c 0337 	JMP  _lcd_puts
                 
                 ;OPTIMIZER ADDED SUBROUTINE, CALLED 3 TIMES, CODE SIZE REDUCTION:3 WORDS
                 SUBOPT_0x3:
0003d2 e0e0      	LDI  R30,LOW(0)
0003d3 93ea      	ST   -Y,R30
0003d4 e0a1      	LDI  R26,LOW(1)
0003d5 940c 02f8 	JMP  _lcd_gotoxy
                 
                 ;OPTIMIZER ADDED SUBROUTINE, CALLED 2 TIMES, CODE SIZE REDUCTION:16 WORDS
                 SUBOPT_0x4:
0003d7 e6e0      	LDI  R30,LOW(_buffer)
0003d8 e0f1      	LDI  R31,HIGH(_buffer)
0003d9 93fa      	ST   -Y,R31
0003da 93ea      	ST   -Y,R30
                +
0003db e7e6     +LDI R30 , LOW ( 2 * _0x20000 + ( 6 ) )
0003dc e0f0     +LDI R31 , HIGH ( 2 * _0x20000 + ( 6 ) )
                 	__POINTW1FN _0x20000,6
0003dd 93fa      	ST   -Y,R31
0003de 93ea      	ST   -Y,R30
0003df 01f6      	MOVW R30,R12
0003e0 940e 0438 	CALL __CWD1
0003e2 940e 0445 	CALL __PUTPARD1
0003e4 e084      	LDI  R24,4
0003e5 940e 02a4 	CALL _sprintf
0003e7 9628      	ADIW R28,8
0003e8 e6a0      	LDI  R26,LOW(_buffer)
0003e9 e0b1      	LDI  R27,HIGH(_buffer)
0003ea 940c 0337 	JMP  _lcd_puts
                 
                 ;OPTIMIZER ADDED SUBROUTINE, CALLED 5 TIMES, CODE SIZE REDUCTION:13 WORDS
                 SUBOPT_0x5:
0003ec 932a      	ST   -Y,R18
0003ed 85ad      	LDD  R26,Y+13
0003ee 85be      	LDD  R27,Y+13+1
0003ef 85ef      	LDD  R30,Y+15
0003f0 89f8      	LDD  R31,Y+15+1
0003f1 9509      	ICALL
0003f2 9508      	RET
                 
                 ;OPTIMIZER ADDED SUBROUTINE, CALLED 5 TIMES, CODE SIZE REDUCTION:9 WORDS
                 SUBOPT_0x6:
0003f3 89e8      	LDD  R30,Y+16
0003f4 89f9      	LDD  R31,Y+16+1
0003f5 9734      	SBIW R30,4
0003f6 8be8      	STD  Y+16,R30
0003f7 8bf9      	STD  Y+16+1,R31
0003f8 9508      	RET
                 
                 ;OPTIMIZER ADDED SUBROUTINE, CALLED 3 TIMES, CODE SIZE REDUCTION:3 WORDS
                 SUBOPT_0x7:
0003f9 85ad      	LDD  R26,Y+13
0003fa 85be      	LDD  R27,Y+13+1
0003fb 85ef      	LDD  R30,Y+15
0003fc 89f8      	LDD  R31,Y+15+1
0003fd 9509      	ICALL
0003fe 9508      	RET
                 
                 ;OPTIMIZER ADDED SUBROUTINE, CALLED 2 TIMES, CODE SIZE REDUCTION:4 WORDS
                 SUBOPT_0x8:
0003ff 89a8      	LDD  R26,Y+16
000400 89b9      	LDD  R27,Y+16+1
000401 9614      	ADIW R26,4
000402 940e 043d 	CALL __GETW1P
000404 83ee      	STD  Y+6,R30
000405 83ff      	STD  Y+6+1,R31
000406 81ae      	LDD  R26,Y+6
000407 81bf      	LDD  R27,Y+6+1
000408 9508      	RET
                 
                 ;OPTIMIZER ADDED SUBROUTINE, CALLED 2 TIMES, CODE SIZE REDUCTION:2 WORDS
                 SUBOPT_0x9:
000409 89a8      	LDD  R26,Y+16
00040a 89b9      	LDD  R27,Y+16+1
00040b 9614      	ADIW R26,4
00040c 940e 043d 	CALL __GETW1P
00040e 87ea      	STD  Y+10,R30
00040f 87fb      	STD  Y+10+1,R31
000410 9508      	RET
                 
                 ;OPTIMIZER ADDED SUBROUTINE, CALLED 2 TIMES, CODE SIZE REDUCTION:1 WORDS
                 SUBOPT_0xA:
000411 01de      	MOVW R26,R28
000412 961c      	ADIW R26,12
000413 940e 0430 	CALL __ADDW2R15
000415 940e 043d 	CALL __GETW1P
000417 9508      	RET
                 
                 ;OPTIMIZER ADDED SUBROUTINE, CALLED 2 TIMES, CODE SIZE REDUCTION:1 WORDS
                 SUBOPT_0xB:
000418 940e 02ec 	CALL __lcd_write_data
00041a e0a3      	LDI  R26,LOW(3)
00041b e0b0      	LDI  R27,0
00041c 940c 0426 	JMP  _delay_ms
                 
                 ;OPTIMIZER ADDED SUBROUTINE, CALLED 3 TIMES, CODE SIZE REDUCTION:7 WORDS
                 SUBOPT_0xC:
00041e e3a0      	LDI  R26,LOW(48)
00041f 940e 02d8 	CALL __lcd_write_nibble_G101
                +
000421 ec88     +LDI R24 , LOW ( 200 )
000422 e090     +LDI R25 , HIGH ( 200 )
                +__DELAY_USW_LOOP :
000423 9701     +SBIW R24 , 1
000424 f7f1     +BRNE __DELAY_USW_LOOP
                 	__DELAY_USW 200
000425 9508      	RET
                 
                 
                 	.CSEG
                 _delay_ms:
000426 9610      	adiw r26,0
000427 f039      	breq __delay_ms1
                 __delay_ms0:
                +
000428 ed80     +LDI R24 , LOW ( 0x7D0 )
000429 e097     +LDI R25 , HIGH ( 0x7D0 )
                +__DELAY_USW_LOOP :
00042a 9701     +SBIW R24 , 1
00042b f7f1     +BRNE __DELAY_USW_LOOP
                 	__DELAY_USW 0x7D0
00042c 95a8      	wdr
00042d 9711      	sbiw r26,1
00042e f7c9      	brne __delay_ms0
                 __delay_ms1:
00042f 9508      	ret
                 
                 __ADDW2R15:
000430 2400      	CLR  R0
000431 0daf      	ADD  R26,R15
000432 1db0      	ADC  R27,R0
000433 9508      	RET
                 
                 __ANEGW1:
000434 95f1      	NEG  R31
000435 95e1      	NEG  R30
000436 40f0      	SBCI R31,0
000437 9508      	RET
                 
                 __CWD1:
000438 2f6f      	MOV  R22,R31
000439 0f66      	ADD  R22,R22
00043a 0b66      	SBC  R22,R22
00043b 2f76      	MOV  R23,R22
00043c 9508      	RET
                 
                 __GETW1P:
00043d 91ed      	LD   R30,X+
00043e 91fc      	LD   R31,X
00043f 9711      	SBIW R26,1
000440 9508      	RET
                 
                 __GETW1PF:
000441 9005      	LPM  R0,Z+
000442 91f4      	LPM  R31,Z
000443 2de0      	MOV  R30,R0
000444 9508      	RET
                 
                 __PUTPARD1:
000445 937a      	ST   -Y,R23
000446 936a      	ST   -Y,R22
000447 93fa      	ST   -Y,R31
000448 93ea      	ST   -Y,R30
000449 9508      	RET
                 
                 __SAVELOCR6:
00044a 935a      	ST   -Y,R21
                 __SAVELOCR5:
00044b 934a      	ST   -Y,R20
                 __SAVELOCR4:
00044c 933a      	ST   -Y,R19
                 __SAVELOCR3:
00044d 932a      	ST   -Y,R18
                 __SAVELOCR2:
00044e 931a      	ST   -Y,R17
00044f 930a      	ST   -Y,R16
000450 9508      	RET
                 
                 __LOADLOCR6:
000451 815d      	LDD  R21,Y+5
                 __LOADLOCR5:
000452 814c      	LDD  R20,Y+4
                 __LOADLOCR4:
000453 813b      	LDD  R19,Y+3
                 __LOADLOCR3:
000454 812a      	LDD  R18,Y+2
                 __LOADLOCR2:
000455 8119      	LDD  R17,Y+1
000456 8108      	LD   R16,Y
000457 9508      	RET
                 
                 ;END OF CODE MARKER
                 __END_OF_CODE:


RESOURCE USE INFORMATION
------------------------

Notice:
The register and instruction counts are symbol table hit counts,
and hence implicitly used resources are not counted, eg, the
'lpm' instruction without operands implicitly uses r0 and z,
none of which are counted.

x,y,z are separate entities in the symbol table and are
counted separately from r26..r31 here.

.dseg memory usage only counts static data declared with .byte

ATmega16 register use summary:
r0 :  17 r1 :   3 r2 :   0 r3 :   0 r4 :   5 r5 :   4 r6 :   6 r7 :   3 
r8 :   6 r9 :   3 r10:   6 r11:   3 r12:   8 r13:   2 r14:   0 r15:   6 
r16:  34 r17:  27 r18:  29 r19:   8 r20:   9 r21:  17 r22:  13 r23:   4 
r24:  26 r25:   7 r26: 108 r27:  42 r28:  15 r29:   1 r30: 254 r31:  82 
x  :  23 y  : 205 z  :  16 
Registers used: 32 out of 35 (91.4%)

ATmega16 instruction use summary:
.lds  :   0 .lds.l:   0 .sts  :   0 .sts.l:   0 adc   :   1 add   :   4 
adiw  :  30 and   :   0 andi  :   6 asr   :   0 bclr  :   0 bld   :   0 
brbc  :   0 brbs  :   0 brcc  :   0 brcs  :   0 break :   0 breq  :  18 
brge  :   0 brhc  :   0 brhs  :   0 brid  :   0 brie  :   0 brlo  :   8 
brlt  :   0 brmi  :   1 brne  :  40 brpl  :   1 brsh  :   2 brtc  :   0 
brts  :   0 brvc  :   0 brvs  :   0 bset  :   0 bst   :   0 call  :  72 
cbi   :   5 cbr   :   0 clc   :   0 clh   :   0 cli   :   1 cln   :   0 
clr   :  21 cls   :   0 clt   :   0 clv   :   0 clz   :   0 com   :   0 
cp    :  10 cpc   :   8 cpi   :  36 cpse  :   0 dec   :   5 des   :   0 
eor   :   0 fmul  :   0 fmuls :   0 fmulsu:   0 icall :   2 ijmp  :   0 
in    :   6 inc   :   0 jmp   :  26 ld    :  40 ldd   :  77 ldi   : 128 
lds   :   4 lpm   :  16 lsl   :   0 lsr   :   0 mov   :  20 movw  :  30 
mul   :   1 muls  :   0 mulsu :   0 neg   :   2 nop   :   0 or    :   3 
ori   :  10 out   :  26 pop   :   1 push  :   1 rcall :  15 ret   :  28 
reti  :   2 rjmp  :  69 rol   :   0 ror   :   0 sbc   :   2 sbci  :   2 
sbi   :   5 sbic  :   0 sbis  :   0 sbiw  :  22 sbr   :   0 sbrc  :   2 
sbrs  :  10 sec   :   0 seh   :   0 sei   :   1 sen   :   0 ser   :   0 
ses   :   0 set   :   0 sev   :   0 sez   :   0 sleep :   0 spm   :   0 
st    :  81 std   :  33 sts   :   9 sub   :   1 subi  :  18 swap  :   1 
tst   :   4 wdr   :   1 
Instructions used: 54 out of 116 (46.6%)

ATmega16 memory use summary [bytes]:
Segment   Begin    End      Code   Data   Used    Size   Use%
---------------------------------------------------------------
[.cseg] 0x000000 0x0008b0   2152     72   2224   16384  13.6%
[.dseg] 0x000060 0x0001a3      0     67     67    1024   6.5%
[.eseg] 0x000000 0x000000      0      0      0     512   0.0%

Assembly complete, 0 errors, 10 warnings
