
AVRASM ver. 2.1.30  C:\cvavr\BIN\micro LAB\section1\Debug\List\section1.asm Fri Oct 02 00:10:38 2020

                 
                 
                 ;CodeVisionAVR C Compiler V3.12 Advanced
                 ;(C) Copyright 1998-2014 Pavel Haiduc, HP InfoTech s.r.l.
                 ;http://www.hpinfotech.com
                 
                 ;Build configuration    : Debug
                 ;Chip type              : ATmega16
                 ;Program type           : Application
                 ;Clock frequency        : 8.000000 MHz
                 ;Memory model           : Small
                 ;Optimize for           : Size
                 ;(s)printf features     : int, width
                 ;(s)scanf features      : int, width
                 ;External RAM size      : 0
                 ;Data Stack size        : 256 byte(s)
                 ;Heap size              : 0 byte(s)
                 ;Promote 'char' to 'int': Yes
                 ;'char' is unsigned     : Yes
                 ;8 bit enums            : Yes
                 ;Global 'const' stored in FLASH: Yes
                 ;Enhanced function parameter passing: Yes
                 ;Enhanced core instructions: On
                 ;Automatic register allocation for global variables: On
                 ;Smart register allocation: On
                 
                 	#define _MODEL_SMALL_
                 
                 	#pragma AVRPART ADMIN PART_NAME ATmega16
                 	#pragma AVRPART MEMORY PROG_FLASH 16384
                 	#pragma AVRPART MEMORY EEPROM 512
                 	#pragma AVRPART MEMORY INT_SRAM SIZE 1024
                 	#pragma AVRPART MEMORY INT_SRAM START_ADDR 0x60
                 
                 	#define CALL_SUPPORTED 1
                 
                 	.LISTMAC
                 	.EQU UDRE=0x5
                 	.EQU RXC=0x7
                 	.EQU USR=0xB
                 	.EQU UDR=0xC
                 	.EQU SPSR=0xE
                 	.EQU SPDR=0xF
                 	.EQU EERE=0x0
                 	.EQU EEWE=0x1
                 	.EQU EEMWE=0x2
                 	.EQU EECR=0x1C
                 	.EQU EEDR=0x1D
                 	.EQU EEARL=0x1E
                 	.EQU EEARH=0x1F
                 	.EQU WDTCR=0x21
                 	.EQU MCUCR=0x35
                 	.EQU GICR=0x3B
                 	.EQU SPL=0x3D
                 	.EQU SPH=0x3E
                 	.EQU SREG=0x3F
                 
                 	.DEF R0X0=R0
                 	.DEF R0X1=R1
                 	.DEF R0X2=R2
                 	.DEF R0X3=R3
                 	.DEF R0X4=R4
                 	.DEF R0X5=R5
                 	.DEF R0X6=R6
                 	.DEF R0X7=R7
                 	.DEF R0X8=R8
                 	.DEF R0X9=R9
                 	.DEF R0XA=R10
                 	.DEF R0XB=R11
                 	.DEF R0XC=R12
                 	.DEF R0XD=R13
                 	.DEF R0XE=R14
                 	.DEF R0XF=R15
                 	.DEF R0X10=R16
                 	.DEF R0X11=R17
                 	.DEF R0X12=R18
                 	.DEF R0X13=R19
                 	.DEF R0X14=R20
                 	.DEF R0X15=R21
                 	.DEF R0X16=R22
                 	.DEF R0X17=R23
                 	.DEF R0X18=R24
                 	.DEF R0X19=R25
                 	.DEF R0X1A=R26
                 	.DEF R0X1B=R27
                 	.DEF R0X1C=R28
                 	.DEF R0X1D=R29
                 	.DEF R0X1E=R30
                 	.DEF R0X1F=R31
                 
                 	.EQU __SRAM_START=0x0060
                 	.EQU __SRAM_END=0x045F
                 	.EQU __DSTACK_SIZE=0x0100
                 	.EQU __HEAP_SIZE=0x0000
                 	.EQU __CLEAR_SRAM_SIZE=__SRAM_END-__SRAM_START+1
                 
                 	.MACRO __CPD1N
                 	CPI  R30,LOW(@0)
                 	LDI  R26,HIGH(@0)
                 	CPC  R31,R26
                 	LDI  R26,BYTE3(@0)
                 	CPC  R22,R26
                 	LDI  R26,BYTE4(@0)
                 	CPC  R23,R26
                 	.ENDM
                 
                 	.MACRO __CPD2N
                 	CPI  R26,LOW(@0)
                 	LDI  R30,HIGH(@0)
                 	CPC  R27,R30
                 	LDI  R30,BYTE3(@0)
                 	CPC  R24,R30
                 	LDI  R30,BYTE4(@0)
                 	CPC  R25,R30
                 	.ENDM
                 
                 	.MACRO __CPWRR
                 	CP   R@0,R@2
                 	CPC  R@1,R@3
                 	.ENDM
                 
                 	.MACRO __CPWRN
                 	CPI  R@0,LOW(@2)
                 	LDI  R30,HIGH(@2)
                 	CPC  R@1,R30
                 	.ENDM
                 
                 	.MACRO __ADDB1MN
                 	SUBI R30,LOW(-@0-(@1))
                 	.ENDM
                 
                 	.MACRO __ADDB2MN
                 	SUBI R26,LOW(-@0-(@1))
                 	.ENDM
                 
                 	.MACRO __ADDW1MN
                 	SUBI R30,LOW(-@0-(@1))
                 	SBCI R31,HIGH(-@0-(@1))
                 	.ENDM
                 
                 	.MACRO __ADDW2MN
                 	SUBI R26,LOW(-@0-(@1))
                 	SBCI R27,HIGH(-@0-(@1))
                 	.ENDM
                 
                 	.MACRO __ADDW1FN
                 	SUBI R30,LOW(-2*@0-(@1))
                 	SBCI R31,HIGH(-2*@0-(@1))
                 	.ENDM
                 
                 	.MACRO __ADDD1FN
                 	SUBI R30,LOW(-2*@0-(@1))
                 	SBCI R31,HIGH(-2*@0-(@1))
                 	SBCI R22,BYTE3(-2*@0-(@1))
                 	.ENDM
                 
                 	.MACRO __ADDD1N
                 	SUBI R30,LOW(-@0)
                 	SBCI R31,HIGH(-@0)
                 	SBCI R22,BYTE3(-@0)
                 	SBCI R23,BYTE4(-@0)
                 	.ENDM
                 
                 	.MACRO __ADDD2N
                 	SUBI R26,LOW(-@0)
                 	SBCI R27,HIGH(-@0)
                 	SBCI R24,BYTE3(-@0)
                 	SBCI R25,BYTE4(-@0)
                 	.ENDM
                 
                 	.MACRO __SUBD1N
                 	SUBI R30,LOW(@0)
                 	SBCI R31,HIGH(@0)
                 	SBCI R22,BYTE3(@0)
                 	SBCI R23,BYTE4(@0)
                 	.ENDM
                 
                 	.MACRO __SUBD2N
                 	SUBI R26,LOW(@0)
                 	SBCI R27,HIGH(@0)
                 	SBCI R24,BYTE3(@0)
                 	SBCI R25,BYTE4(@0)
                 	.ENDM
                 
                 	.MACRO __ANDBMNN
                 	LDS  R30,@0+(@1)
                 	ANDI R30,LOW(@2)
                 	STS  @0+(@1),R30
                 	.ENDM
                 
                 	.MACRO __ANDWMNN
                 	LDS  R30,@0+(@1)
                 	ANDI R30,LOW(@2)
                 	STS  @0+(@1),R30
                 	LDS  R30,@0+(@1)+1
                 	ANDI R30,HIGH(@2)
                 	STS  @0+(@1)+1,R30
                 	.ENDM
                 
                 	.MACRO __ANDD1N
                 	ANDI R30,LOW(@0)
                 	ANDI R31,HIGH(@0)
                 	ANDI R22,BYTE3(@0)
                 	ANDI R23,BYTE4(@0)
                 	.ENDM
                 
                 	.MACRO __ANDD2N
                 	ANDI R26,LOW(@0)
                 	ANDI R27,HIGH(@0)
                 	ANDI R24,BYTE3(@0)
                 	ANDI R25,BYTE4(@0)
                 	.ENDM
                 
                 	.MACRO __ORBMNN
                 	LDS  R30,@0+(@1)
                 	ORI  R30,LOW(@2)
                 	STS  @0+(@1),R30
                 	.ENDM
                 
                 	.MACRO __ORWMNN
                 	LDS  R30,@0+(@1)
                 	ORI  R30,LOW(@2)
                 	STS  @0+(@1),R30
                 	LDS  R30,@0+(@1)+1
                 	ORI  R30,HIGH(@2)
                 	STS  @0+(@1)+1,R30
                 	.ENDM
                 
                 	.MACRO __ORD1N
                 	ORI  R30,LOW(@0)
                 	ORI  R31,HIGH(@0)
                 	ORI  R22,BYTE3(@0)
                 	ORI  R23,BYTE4(@0)
                 	.ENDM
                 
                 	.MACRO __ORD2N
                 	ORI  R26,LOW(@0)
                 	ORI  R27,HIGH(@0)
                 	ORI  R24,BYTE3(@0)
                 	ORI  R25,BYTE4(@0)
                 	.ENDM
                 
                 	.MACRO __DELAY_USB
                 	LDI  R24,LOW(@0)
                 __DELAY_USB_LOOP:
                 	DEC  R24
                 	BRNE __DELAY_USB_LOOP
                 	.ENDM
                 
                 	.MACRO __DELAY_USW
                 	LDI  R24,LOW(@0)
                 	LDI  R25,HIGH(@0)
                 __DELAY_USW_LOOP:
                 	SBIW R24,1
                 	BRNE __DELAY_USW_LOOP
                 	.ENDM
                 
                 	.MACRO __GETD1S
                 	LDD  R30,Y+@0
                 	LDD  R31,Y+@0+1
                 	LDD  R22,Y+@0+2
                 	LDD  R23,Y+@0+3
                 	.ENDM
                 
                 	.MACRO __GETD2S
                 	LDD  R26,Y+@0
                 	LDD  R27,Y+@0+1
                 	LDD  R24,Y+@0+2
                 	LDD  R25,Y+@0+3
                 	.ENDM
                 
                 	.MACRO __PUTD1S
                 	STD  Y+@0,R30
                 	STD  Y+@0+1,R31
                 	STD  Y+@0+2,R22
                 	STD  Y+@0+3,R23
                 	.ENDM
                 
                 	.MACRO __PUTD2S
                 	STD  Y+@0,R26
                 	STD  Y+@0+1,R27
                 	STD  Y+@0+2,R24
                 	STD  Y+@0+3,R25
                 	.ENDM
                 
                 	.MACRO __PUTDZ2
                 	STD  Z+@0,R26
                 	STD  Z+@0+1,R27
                 	STD  Z+@0+2,R24
                 	STD  Z+@0+3,R25
                 	.ENDM
                 
                 	.MACRO __CLRD1S
                 	STD  Y+@0,R30
                 	STD  Y+@0+1,R30
                 	STD  Y+@0+2,R30
                 	STD  Y+@0+3,R30
                 	.ENDM
                 
                 	.MACRO __POINTB1MN
                 	LDI  R30,LOW(@0+(@1))
                 	.ENDM
                 
                 	.MACRO __POINTW1MN
                 	LDI  R30,LOW(@0+(@1))
                 	LDI  R31,HIGH(@0+(@1))
                 	.ENDM
                 
                 	.MACRO __POINTD1M
                 	LDI  R30,LOW(@0)
                 	LDI  R31,HIGH(@0)
                 	LDI  R22,BYTE3(@0)
                 	LDI  R23,BYTE4(@0)
                 	.ENDM
                 
                 	.MACRO __POINTW1FN
                 	LDI  R30,LOW(2*@0+(@1))
                 	LDI  R31,HIGH(2*@0+(@1))
                 	.ENDM
                 
                 	.MACRO __POINTD1FN
                 	LDI  R30,LOW(2*@0+(@1))
                 	LDI  R31,HIGH(2*@0+(@1))
                 	LDI  R22,BYTE3(2*@0+(@1))
                 	LDI  R23,BYTE4(2*@0+(@1))
                 	.ENDM
                 
                 	.MACRO __POINTB2MN
                 	LDI  R26,LOW(@0+(@1))
                 	.ENDM
                 
                 	.MACRO __POINTW2MN
                 	LDI  R26,LOW(@0+(@1))
                 	LDI  R27,HIGH(@0+(@1))
                 	.ENDM
                 
                 	.MACRO __POINTW2FN
                 	LDI  R26,LOW(2*@0+(@1))
                 	LDI  R27,HIGH(2*@0+(@1))
                 	.ENDM
                 
                 	.MACRO __POINTD2FN
                 	LDI  R26,LOW(2*@0+(@1))
                 	LDI  R27,HIGH(2*@0+(@1))
                 	LDI  R24,BYTE3(2*@0+(@1))
                 	LDI  R25,BYTE4(2*@0+(@1))
                 	.ENDM
                 
                 	.MACRO __POINTBRM
                 	LDI  R@0,LOW(@1)
                 	.ENDM
                 
                 	.MACRO __POINTWRM
                 	LDI  R@0,LOW(@2)
                 	LDI  R@1,HIGH(@2)
                 	.ENDM
                 
                 	.MACRO __POINTBRMN
                 	LDI  R@0,LOW(@1+(@2))
                 	.ENDM
                 
                 	.MACRO __POINTWRMN
                 	LDI  R@0,LOW(@2+(@3))
                 	LDI  R@1,HIGH(@2+(@3))
                 	.ENDM
                 
                 	.MACRO __POINTWRFN
                 	LDI  R@0,LOW(@2*2+(@3))
                 	LDI  R@1,HIGH(@2*2+(@3))
                 	.ENDM
                 
                 	.MACRO __GETD1N
                 	LDI  R30,LOW(@0)
                 	LDI  R31,HIGH(@0)
                 	LDI  R22,BYTE3(@0)
                 	LDI  R23,BYTE4(@0)
                 	.ENDM
                 
                 	.MACRO __GETD2N
                 	LDI  R26,LOW(@0)
                 	LDI  R27,HIGH(@0)
                 	LDI  R24,BYTE3(@0)
                 	LDI  R25,BYTE4(@0)
                 	.ENDM
                 
                 	.MACRO __GETB1MN
                 	LDS  R30,@0+(@1)
                 	.ENDM
                 
                 	.MACRO __GETB1HMN
                 	LDS  R31,@0+(@1)
                 	.ENDM
                 
                 	.MACRO __GETW1MN
                 	LDS  R30,@0+(@1)
                 	LDS  R31,@0+(@1)+1
                 	.ENDM
                 
                 	.MACRO __GETD1MN
                 	LDS  R30,@0+(@1)
                 	LDS  R31,@0+(@1)+1
                 	LDS  R22,@0+(@1)+2
                 	LDS  R23,@0+(@1)+3
                 	.ENDM
                 
                 	.MACRO __GETBRMN
                 	LDS  R@0,@1+(@2)
                 	.ENDM
                 
                 	.MACRO __GETWRMN
                 	LDS  R@0,@2+(@3)
                 	LDS  R@1,@2+(@3)+1
                 	.ENDM
                 
                 	.MACRO __GETWRZ
                 	LDD  R@0,Z+@2
                 	LDD  R@1,Z+@2+1
                 	.ENDM
                 
                 	.MACRO __GETD2Z
                 	LDD  R26,Z+@0
                 	LDD  R27,Z+@0+1
                 	LDD  R24,Z+@0+2
                 	LDD  R25,Z+@0+3
                 	.ENDM
                 
                 	.MACRO __GETB2MN
                 	LDS  R26,@0+(@1)
                 	.ENDM
                 
                 	.MACRO __GETW2MN
                 	LDS  R26,@0+(@1)
                 	LDS  R27,@0+(@1)+1
                 	.ENDM
                 
                 	.MACRO __GETD2MN
                 	LDS  R26,@0+(@1)
                 	LDS  R27,@0+(@1)+1
                 	LDS  R24,@0+(@1)+2
                 	LDS  R25,@0+(@1)+3
                 	.ENDM
                 
                 	.MACRO __PUTB1MN
                 	STS  @0+(@1),R30
                 	.ENDM
                 
                 	.MACRO __PUTW1MN
                 	STS  @0+(@1),R30
                 	STS  @0+(@1)+1,R31
                 	.ENDM
                 
                 	.MACRO __PUTD1MN
                 	STS  @0+(@1),R30
                 	STS  @0+(@1)+1,R31
                 	STS  @0+(@1)+2,R22
                 	STS  @0+(@1)+3,R23
                 	.ENDM
                 
                 	.MACRO __PUTB1EN
                 	LDI  R26,LOW(@0+(@1))
                 	LDI  R27,HIGH(@0+(@1))
                 	CALL __EEPROMWRB
                 	.ENDM
                 
                 	.MACRO __PUTW1EN
                 	LDI  R26,LOW(@0+(@1))
                 	LDI  R27,HIGH(@0+(@1))
                 	CALL __EEPROMWRW
                 	.ENDM
                 
                 	.MACRO __PUTD1EN
                 	LDI  R26,LOW(@0+(@1))
                 	LDI  R27,HIGH(@0+(@1))
                 	CALL __EEPROMWRD
                 	.ENDM
                 
                 	.MACRO __PUTBR0MN
                 	STS  @0+(@1),R0
                 	.ENDM
                 
                 	.MACRO __PUTBMRN
                 	STS  @0+(@1),R@2
                 	.ENDM
                 
                 	.MACRO __PUTWMRN
                 	STS  @0+(@1),R@2
                 	STS  @0+(@1)+1,R@3
                 	.ENDM
                 
                 	.MACRO __PUTBZR
                 	STD  Z+@1,R@0
                 	.ENDM
                 
                 	.MACRO __PUTWZR
                 	STD  Z+@2,R@0
                 	STD  Z+@2+1,R@1
                 	.ENDM
                 
                 	.MACRO __GETW1R
                 	MOV  R30,R@0
                 	MOV  R31,R@1
                 	.ENDM
                 
                 	.MACRO __GETW2R
                 	MOV  R26,R@0
                 	MOV  R27,R@1
                 	.ENDM
                 
                 	.MACRO __GETWRN
                 	LDI  R@0,LOW(@2)
                 	LDI  R@1,HIGH(@2)
                 	.ENDM
                 
                 	.MACRO __PUTW1R
                 	MOV  R@0,R30
                 	MOV  R@1,R31
                 	.ENDM
                 
                 	.MACRO __PUTW2R
                 	MOV  R@0,R26
                 	MOV  R@1,R27
                 	.ENDM
                 
                 	.MACRO __ADDWRN
                 	SUBI R@0,LOW(-@2)
                 	SBCI R@1,HIGH(-@2)
                 	.ENDM
                 
                 	.MACRO __ADDWRR
                 	ADD  R@0,R@2
                 	ADC  R@1,R@3
                 	.ENDM
                 
                 	.MACRO __SUBWRN
                 	SUBI R@0,LOW(@2)
                 	SBCI R@1,HIGH(@2)
                 	.ENDM
                 
                 	.MACRO __SUBWRR
                 	SUB  R@0,R@2
                 	SBC  R@1,R@3
                 	.ENDM
                 
                 	.MACRO __ANDWRN
                 	ANDI R@0,LOW(@2)
                 	ANDI R@1,HIGH(@2)
                 	.ENDM
                 
                 	.MACRO __ANDWRR
                 	AND  R@0,R@2
                 	AND  R@1,R@3
                 	.ENDM
                 
                 	.MACRO __ORWRN
                 	ORI  R@0,LOW(@2)
                 	ORI  R@1,HIGH(@2)
                 	.ENDM
                 
                 	.MACRO __ORWRR
                 	OR   R@0,R@2
                 	OR   R@1,R@3
                 	.ENDM
                 
                 	.MACRO __EORWRR
                 	EOR  R@0,R@2
                 	EOR  R@1,R@3
                 	.ENDM
                 
                 	.MACRO __GETWRS
                 	LDD  R@0,Y+@2
                 	LDD  R@1,Y+@2+1
                 	.ENDM
                 
                 	.MACRO __PUTBSR
                 	STD  Y+@1,R@0
                 	.ENDM
                 
                 	.MACRO __PUTWSR
                 	STD  Y+@2,R@0
                 	STD  Y+@2+1,R@1
                 	.ENDM
                 
                 	.MACRO __MOVEWRR
                 	MOV  R@0,R@2
                 	MOV  R@1,R@3
                 	.ENDM
                 
                 	.MACRO __INWR
                 	IN   R@0,@2
                 	IN   R@1,@2+1
                 	.ENDM
                 
                 	.MACRO __OUTWR
                 	OUT  @2+1,R@1
                 	OUT  @2,R@0
                 	.ENDM
                 
                 	.MACRO __CALL1MN
                 	LDS  R30,@0+(@1)
                 	LDS  R31,@0+(@1)+1
                 	ICALL
                 	.ENDM
                 
                 	.MACRO __CALL1FN
                 	LDI  R30,LOW(2*@0+(@1))
                 	LDI  R31,HIGH(2*@0+(@1))
                 	CALL __GETW1PF
                 	ICALL
                 	.ENDM
                 
                 	.MACRO __CALL2EN
                 	PUSH R26
                 	PUSH R27
                 	LDI  R26,LOW(@0+(@1))
                 	LDI  R27,HIGH(@0+(@1))
                 	CALL __EEPROMRDW
                 	POP  R27
                 	POP  R26
                 	ICALL
                 	.ENDM
                 
                 	.MACRO __CALL2EX
                 	SUBI R26,LOW(-@0)
                 	SBCI R27,HIGH(-@0)
                 	CALL __EEPROMRDD
                 	ICALL
                 	.ENDM
                 
                 	.MACRO __GETW1STACK
                 	IN   R30,SPL
                 	IN   R31,SPH
                 	ADIW R30,@0+1
                 	LD   R0,Z+
                 	LD   R31,Z
                 	MOV  R30,R0
                 	.ENDM
                 
                 	.MACRO __GETD1STACK
                 	IN   R30,SPL
                 	IN   R31,SPH
                 	ADIW R30,@0+1
                 	LD   R0,Z+
                 	LD   R1,Z+
                 	LD   R22,Z
                 	MOVW R30,R0
                 	.ENDM
                 
                 	.MACRO __NBST
                 	BST  R@0,@1
                 	IN   R30,SREG
                 	LDI  R31,0x40
                 	EOR  R30,R31
                 	OUT  SREG,R30
                 	.ENDM
                 
                 
                 	.MACRO __PUTB1SN
                 	LDD  R26,Y+@0
                 	LDD  R27,Y+@0+1
                 	SUBI R26,LOW(-@1)
                 	SBCI R27,HIGH(-@1)
                 	ST   X,R30
                 	.ENDM
                 
                 	.MACRO __PUTW1SN
                 	LDD  R26,Y+@0
                 	LDD  R27,Y+@0+1
                 	SUBI R26,LOW(-@1)
                 	SBCI R27,HIGH(-@1)
                 	ST   X+,R30
                 	ST   X,R31
                 	.ENDM
                 
                 	.MACRO __PUTD1SN
                 	LDD  R26,Y+@0
                 	LDD  R27,Y+@0+1
                 	SUBI R26,LOW(-@1)
                 	SBCI R27,HIGH(-@1)
                 	CALL __PUTDP1
                 	.ENDM
                 
                 	.MACRO __PUTB1SNS
                 	LDD  R26,Y+@0
                 	LDD  R27,Y+@0+1
                 	ADIW R26,@1
                 	ST   X,R30
                 	.ENDM
                 
                 	.MACRO __PUTW1SNS
                 	LDD  R26,Y+@0
                 	LDD  R27,Y+@0+1
                 	ADIW R26,@1
                 	ST   X+,R30
                 	ST   X,R31
                 	.ENDM
                 
                 	.MACRO __PUTD1SNS
                 	LDD  R26,Y+@0
                 	LDD  R27,Y+@0+1
                 	ADIW R26,@1
                 	CALL __PUTDP1
                 	.ENDM
                 
                 	.MACRO __PUTB1PMN
                 	LDS  R26,@0
                 	LDS  R27,@0+1
                 	SUBI R26,LOW(-@1)
                 	SBCI R27,HIGH(-@1)
                 	ST   X,R30
                 	.ENDM
                 
                 	.MACRO __PUTW1PMN
                 	LDS  R26,@0
                 	LDS  R27,@0+1
                 	SUBI R26,LOW(-@1)
                 	SBCI R27,HIGH(-@1)
                 	ST   X+,R30
                 	ST   X,R31
                 	.ENDM
                 
                 	.MACRO __PUTD1PMN
                 	LDS  R26,@0
                 	LDS  R27,@0+1
                 	SUBI R26,LOW(-@1)
                 	SBCI R27,HIGH(-@1)
                 	CALL __PUTDP1
                 	.ENDM
                 
                 	.MACRO __PUTB1PMNS
                 	LDS  R26,@0
                 	LDS  R27,@0+1
                 	ADIW R26,@1
                 	ST   X,R30
                 	.ENDM
                 
                 	.MACRO __PUTW1PMNS
                 	LDS  R26,@0
                 	LDS  R27,@0+1
                 	ADIW R26,@1
                 	ST   X+,R30
                 	ST   X,R31
                 	.ENDM
                 
                 	.MACRO __PUTD1PMNS
                 	LDS  R26,@0
                 	LDS  R27,@0+1
                 	ADIW R26,@1
                 	CALL __PUTDP1
                 	.ENDM
                 
                 	.MACRO __PUTB1RN
                 	MOVW R26,R@0
                 	SUBI R26,LOW(-@1)
                 	SBCI R27,HIGH(-@1)
                 	ST   X,R30
                 	.ENDM
                 
                 	.MACRO __PUTW1RN
                 	MOVW R26,R@0
                 	SUBI R26,LOW(-@1)
                 	SBCI R27,HIGH(-@1)
                 	ST   X+,R30
                 	ST   X,R31
                 	.ENDM
                 
                 	.MACRO __PUTD1RN
                 	MOVW R26,R@0
                 	SUBI R26,LOW(-@1)
                 	SBCI R27,HIGH(-@1)
                 	CALL __PUTDP1
                 	.ENDM
                 
                 	.MACRO __PUTB1RNS
                 	MOVW R26,R@0
                 	ADIW R26,@1
                 	ST   X,R30
                 	.ENDM
                 
                 	.MACRO __PUTW1RNS
                 	MOVW R26,R@0
                 	ADIW R26,@1
                 	ST   X+,R30
                 	ST   X,R31
                 	.ENDM
                 
                 	.MACRO __PUTD1RNS
                 	MOVW R26,R@0
                 	ADIW R26,@1
                 	CALL __PUTDP1
                 	.ENDM
                 
                 	.MACRO __PUTB1RON
                 	MOV  R26,R@0
                 	MOV  R27,R@1
                 	SUBI R26,LOW(-@2)
                 	SBCI R27,HIGH(-@2)
                 	ST   X,R30
                 	.ENDM
                 
                 	.MACRO __PUTW1RON
                 	MOV  R26,R@0
                 	MOV  R27,R@1
                 	SUBI R26,LOW(-@2)
                 	SBCI R27,HIGH(-@2)
                 	ST   X+,R30
                 	ST   X,R31
                 	.ENDM
                 
                 	.MACRO __PUTD1RON
                 	MOV  R26,R@0
                 	MOV  R27,R@1
                 	SUBI R26,LOW(-@2)
                 	SBCI R27,HIGH(-@2)
                 	CALL __PUTDP1
                 	.ENDM
                 
                 	.MACRO __PUTB1RONS
                 	MOV  R26,R@0
                 	MOV  R27,R@1
                 	ADIW R26,@2
                 	ST   X,R30
                 	.ENDM
                 
                 	.MACRO __PUTW1RONS
                 	MOV  R26,R@0
                 	MOV  R27,R@1
                 	ADIW R26,@2
                 	ST   X+,R30
                 	ST   X,R31
                 	.ENDM
                 
                 	.MACRO __PUTD1RONS
                 	MOV  R26,R@0
                 	MOV  R27,R@1
                 	ADIW R26,@2
                 	CALL __PUTDP1
                 	.ENDM
                 
                 
                 	.MACRO __GETB1SX
                 	MOVW R30,R28
                 	SUBI R30,LOW(-@0)
                 	SBCI R31,HIGH(-@0)
                 	LD   R30,Z
                 	.ENDM
                 
                 	.MACRO __GETB1HSX
                 	MOVW R30,R28
                 	SUBI R30,LOW(-@0)
                 	SBCI R31,HIGH(-@0)
                 	LD   R31,Z
                 	.ENDM
                 
                 	.MACRO __GETW1SX
                 	MOVW R30,R28
                 	SUBI R30,LOW(-@0)
                 	SBCI R31,HIGH(-@0)
                 	LD   R0,Z+
                 	LD   R31,Z
                 	MOV  R30,R0
                 	.ENDM
                 
                 	.MACRO __GETD1SX
                 	MOVW R30,R28
                 	SUBI R30,LOW(-@0)
                 	SBCI R31,HIGH(-@0)
                 	LD   R0,Z+
                 	LD   R1,Z+
                 	LD   R22,Z+
                 	LD   R23,Z
                 	MOVW R30,R0
                 	.ENDM
                 
                 	.MACRO __GETB2SX
                 	MOVW R26,R28
                 	SUBI R26,LOW(-@0)
                 	SBCI R27,HIGH(-@0)
                 	LD   R26,X
                 	.ENDM
                 
                 	.MACRO __GETW2SX
                 	MOVW R26,R28
                 	SUBI R26,LOW(-@0)
                 	SBCI R27,HIGH(-@0)
                 	LD   R0,X+
                 	LD   R27,X
                 	MOV  R26,R0
                 	.ENDM
                 
                 	.MACRO __GETD2SX
                 	MOVW R26,R28
                 	SUBI R26,LOW(-@0)
                 	SBCI R27,HIGH(-@0)
                 	LD   R0,X+
                 	LD   R1,X+
                 	LD   R24,X+
                 	LD   R25,X
                 	MOVW R26,R0
                 	.ENDM
                 
                 	.MACRO __GETBRSX
                 	MOVW R30,R28
                 	SUBI R30,LOW(-@1)
                 	SBCI R31,HIGH(-@1)
                 	LD   R@0,Z
                 	.ENDM
                 
                 	.MACRO __GETWRSX
                 	MOVW R30,R28
                 	SUBI R30,LOW(-@2)
                 	SBCI R31,HIGH(-@2)
                 	LD   R@0,Z+
                 	LD   R@1,Z
                 	.ENDM
                 
                 	.MACRO __GETBRSX2
                 	MOVW R26,R28
                 	SUBI R26,LOW(-@1)
                 	SBCI R27,HIGH(-@1)
                 	LD   R@0,X
                 	.ENDM
                 
                 	.MACRO __GETWRSX2
                 	MOVW R26,R28
                 	SUBI R26,LOW(-@2)
                 	SBCI R27,HIGH(-@2)
                 	LD   R@0,X+
                 	LD   R@1,X
                 	.ENDM
                 
                 	.MACRO __LSLW8SX
                 	MOVW R30,R28
                 	SUBI R30,LOW(-@0)
                 	SBCI R31,HIGH(-@0)
                 	LD   R31,Z
                 	CLR  R30
                 	.ENDM
                 
                 	.MACRO __PUTB1SX
                 	MOVW R26,R28
                 	SUBI R26,LOW(-@0)
                 	SBCI R27,HIGH(-@0)
                 	ST   X,R30
                 	.ENDM
                 
                 	.MACRO __PUTW1SX
                 	MOVW R26,R28
                 	SUBI R26,LOW(-@0)
                 	SBCI R27,HIGH(-@0)
                 	ST   X+,R30
                 	ST   X,R31
                 	.ENDM
                 
                 	.MACRO __PUTD1SX
                 	MOVW R26,R28
                 	SUBI R26,LOW(-@0)
                 	SBCI R27,HIGH(-@0)
                 	ST   X+,R30
                 	ST   X+,R31
                 	ST   X+,R22
                 	ST   X,R23
                 	.ENDM
                 
                 	.MACRO __CLRW1SX
                 	MOVW R26,R28
                 	SUBI R26,LOW(-@0)
                 	SBCI R27,HIGH(-@0)
                 	ST   X+,R30
                 	ST   X,R30
                 	.ENDM
                 
                 	.MACRO __CLRD1SX
                 	MOVW R26,R28
                 	SUBI R26,LOW(-@0)
                 	SBCI R27,HIGH(-@0)
                 	ST   X+,R30
                 	ST   X+,R30
                 	ST   X+,R30
                 	ST   X,R30
                 	.ENDM
                 
                 	.MACRO __PUTB2SX
                 	MOVW R30,R28
                 	SUBI R30,LOW(-@0)
                 	SBCI R31,HIGH(-@0)
                 	ST   Z,R26
                 	.ENDM
                 
                 	.MACRO __PUTW2SX
                 	MOVW R30,R28
                 	SUBI R30,LOW(-@0)
                 	SBCI R31,HIGH(-@0)
                 	ST   Z+,R26
                 	ST   Z,R27
                 	.ENDM
                 
                 	.MACRO __PUTD2SX
                 	MOVW R30,R28
                 	SUBI R30,LOW(-@0)
                 	SBCI R31,HIGH(-@0)
                 	ST   Z+,R26
                 	ST   Z+,R27
                 	ST   Z+,R24
                 	ST   Z,R25
                 	.ENDM
                 
                 	.MACRO __PUTBSRX
                 	MOVW R30,R28
                 	SUBI R30,LOW(-@1)
                 	SBCI R31,HIGH(-@1)
                 	ST   Z,R@0
                 	.ENDM
                 
                 	.MACRO __PUTWSRX
                 	MOVW R30,R28
                 	SUBI R30,LOW(-@2)
                 	SBCI R31,HIGH(-@2)
                 	ST   Z+,R@0
                 	ST   Z,R@1
                 	.ENDM
                 
                 	.MACRO __PUTB1SNX
                 	MOVW R26,R28
                 	SUBI R26,LOW(-@0)
                 	SBCI R27,HIGH(-@0)
                 	LD   R0,X+
                 	LD   R27,X
                 	MOV  R26,R0
                 	SUBI R26,LOW(-@1)
                 	SBCI R27,HIGH(-@1)
                 	ST   X,R30
                 	.ENDM
                 
                 	.MACRO __PUTW1SNX
                 	MOVW R26,R28
                 	SUBI R26,LOW(-@0)
                 	SBCI R27,HIGH(-@0)
                 	LD   R0,X+
                 	LD   R27,X
                 	MOV  R26,R0
                 	SUBI R26,LOW(-@1)
                 	SBCI R27,HIGH(-@1)
                 	ST   X+,R30
                 	ST   X,R31
                 	.ENDM
                 
                 	.MACRO __PUTD1SNX
                 	MOVW R26,R28
                 	SUBI R26,LOW(-@0)
                 	SBCI R27,HIGH(-@0)
                 	LD   R0,X+
                 	LD   R27,X
                 	MOV  R26,R0
                 	SUBI R26,LOW(-@1)
                 	SBCI R27,HIGH(-@1)
                 	ST   X+,R30
                 	ST   X+,R31
                 	ST   X+,R22
                 	ST   X,R23
                 	.ENDM
                 
                 	.MACRO __MULBRR
                 	MULS R@0,R@1
                 	MOVW R30,R0
                 	.ENDM
                 
                 	.MACRO __MULBRRU
                 	MUL  R@0,R@1
                 	MOVW R30,R0
                 	.ENDM
                 
                 	.MACRO __MULBRR0
                 	MULS R@0,R@1
                 	.ENDM
                 
                 	.MACRO __MULBRRU0
                 	MUL  R@0,R@1
                 	.ENDM
                 
                 	.MACRO __MULBNWRU
                 	LDI  R26,@2
                 	MUL  R26,R@0
                 	MOVW R30,R0
                 	MUL  R26,R@1
                 	ADD  R31,R0
                 	.ENDM
                 
                 	.CSEG
                 	.ORG 0x00
                 
                 ;START OF CODE MARKER
                 __START_OF_CODE:
                 
                 ;INTERRUPT VECTORS
000000 940c 004a 	JMP  __RESET
000002 940c 0000 	JMP  0x00
000004 940c 0000 	JMP  0x00
000006 940c 0000 	JMP  0x00
000008 940c 0000 	JMP  0x00
00000a 940c 0000 	JMP  0x00
00000c 940c 0000 	JMP  0x00
00000e 940c 0000 	JMP  0x00
000010 940c 0000 	JMP  0x00
000012 940c 0000 	JMP  0x00
000014 940c 0000 	JMP  0x00
000016 940c 0000 	JMP  0x00
000018 940c 0000 	JMP  0x00
00001a 940c 0000 	JMP  0x00
00001c 940c 0000 	JMP  0x00
00001e 940c 0000 	JMP  0x00
000020 940c 0000 	JMP  0x00
000022 940c 0000 	JMP  0x00
000024 940c 0000 	JMP  0x00
000026 940c 0000 	JMP  0x00
000028 940c 0000 	JMP  0x00
                 
                 _tbl10_G100:
00002a 2710
00002b 03e8
00002c 0064
00002d 000a      	.DB  0x10,0x27,0xE8,0x3,0x64,0x0,0xA,0x0
00002e 0001      	.DB  0x1,0x0
                 _tbl16_G100:
00002f 1000
000030 0100
000031 0010
000032 0001      	.DB  0x0,0x10,0x0,0x1,0x10,0x0,0x1,0x0
                 
                 _0x3:
000033 003f
000034 0006
000035 005b
000036 004f      	.DB  0x3F,0x0,0x6,0x0,0x5B,0x0,0x4F,0x0
000037 0066
000038 006d
000039 007d
00003a 0007      	.DB  0x66,0x0,0x6D,0x0,0x7D,0x0,0x7,0x0
00003b 007f
C:\cvavr\BIN\micro LAB\section1\Debug\List\section1.asm(1125): warning: .cseg .db misalignment - padding zero byte
00003c 006f      	.DB  0x7F,0x0,0x6F
                 _0x2020060:
C:\cvavr\BIN\micro LAB\section1\Debug\List\section1.asm(1127): warning: .cseg .db misalignment - padding zero byte
00003d 0001      	.DB  0x1
                 _0x2020000:
00003e 4e2d
00003f 4e41
000040 4900
000041 464e      	.DB  0x2D,0x4E,0x41,0x4E,0x0,0x49,0x4E,0x46
C:\cvavr\BIN\micro LAB\section1\Debug\List\section1.asm(1130): warning: .cseg .db misalignment - padding zero byte
000042 0000      	.DB  0x0
                 
                 __GLOBAL_INI_TBL:
000043 0013      	.DW  0x13
000044 0160      	.DW  _sevseg
000045 0066      	.DW  _0x3*2
                 
000046 0001      	.DW  0x01
000047 0174      	.DW  __seed_G101
000048 007a      	.DW  _0x2020060*2
                 
                 _0xFFFFFFFF:
000049 0000      	.DW  0
                 
                 #define __GLOBAL_INI_TBL_PRESENT 1
                 
                 __RESET:
00004a 94f8      	CLI
00004b 27ee      	CLR  R30
00004c bbec      	OUT  EECR,R30
                 
                 ;INTERRUPT VECTORS ARE PLACED
                 ;AT THE START OF FLASH
00004d e0f1      	LDI  R31,1
00004e bffb      	OUT  GICR,R31
00004f bfeb      	OUT  GICR,R30
000050 bfe5      	OUT  MCUCR,R30
                 
                 ;CLEAR R2-R14
000051 e08d      	LDI  R24,(14-2)+1
000052 e0a2      	LDI  R26,2
000053 27bb      	CLR  R27
                 __CLEAR_REG:
000054 93ed      	ST   X+,R30
000055 958a      	DEC  R24
000056 f7e9      	BRNE __CLEAR_REG
                 
                 ;CLEAR SRAM
000057 e080      	LDI  R24,LOW(__CLEAR_SRAM_SIZE)
000058 e094      	LDI  R25,HIGH(__CLEAR_SRAM_SIZE)
000059 e6a0      	LDI  R26,__SRAM_START
                 __CLEAR_SRAM:
00005a 93ed      	ST   X+,R30
00005b 9701      	SBIW R24,1
00005c f7e9      	BRNE __CLEAR_SRAM
                 
                 ;GLOBAL VARIABLES INITIALIZATION
00005d e8e6      	LDI  R30,LOW(__GLOBAL_INI_TBL*2)
00005e e0f0      	LDI  R31,HIGH(__GLOBAL_INI_TBL*2)
                 __GLOBAL_INI_NEXT:
00005f 9185      	LPM  R24,Z+
000060 9195      	LPM  R25,Z+
000061 9700      	SBIW R24,0
000062 f061      	BREQ __GLOBAL_INI_END
000063 91a5      	LPM  R26,Z+
000064 91b5      	LPM  R27,Z+
000065 9005      	LPM  R0,Z+
000066 9015      	LPM  R1,Z+
000067 01bf      	MOVW R22,R30
000068 01f0      	MOVW R30,R0
                 __GLOBAL_INI_LOOP:
000069 9005      	LPM  R0,Z+
00006a 920d      	ST   X+,R0
00006b 9701      	SBIW R24,1
00006c f7e1      	BRNE __GLOBAL_INI_LOOP
00006d 01fb      	MOVW R30,R22
00006e cff0      	RJMP __GLOBAL_INI_NEXT
                 __GLOBAL_INI_END:
                 
                 ;HARDWARE STACK POINTER INITIALIZATION
00006f e5ef      	LDI  R30,LOW(__SRAM_END-__HEAP_SIZE)
000070 bfed      	OUT  SPL,R30
000071 e0e4      	LDI  R30,HIGH(__SRAM_END-__HEAP_SIZE)
000072 bfee      	OUT  SPH,R30
                 
                 ;DATA STACK POINTER INITIALIZATION
000073 e6c0      	LDI  R28,LOW(__SRAM_START+__DSTACK_SIZE)
000074 e0d1      	LDI  R29,HIGH(__SRAM_START+__DSTACK_SIZE)
                 
000075 940c 0181 	JMP  _main
                 
                 	.ESEG
                 	.ORG 0
                 
                 	.DSEG
                 	.ORG 0x160
                 
                 	.CSEG
                 ;/*******************************************************
                 ;This program was created by the
                 ;CodeWizardAVR V3.12 Advanced
                 ;Automatic Program Generator
                 ;© Copyright 1998-2014 Pavel Haiduc, HP InfoTech s.r.l.
                 ;http://www.hpinfotech.com
                 ;
                 ;Project :
                 ;Version :
                 ;Date    : 10/1/2020
                 ;Author  :
                 ;Company :
                 ;Comments:
                 ;
                 ;
                 ;Chip type               : ATmega16
                 ;Program type            : Application
                 ;AVR Core Clock frequency: 8.000000 MHz
                 ;Memory model            : Small
                 ;External RAM size       : 0
                 ;Data Stack size         : 256
                 ;*******************************************************/
                 ;
                 ;
                 ;#define F_CPU 1000000UL		/* Define CPU Frequency e.g. here its 8MHz */
                 ;#include <mega16.h>
                 	#ifndef __SLEEP_DEFINED__
                 	#define __SLEEP_DEFINED__
                 	.EQU __se_bit=0x40
                 	.EQU __sm_mask=0xB0
                 	.EQU __sm_powerdown=0x20
                 	.EQU __sm_powersave=0x30
                 	.EQU __sm_standby=0xA0
                 	.EQU __sm_ext_standby=0xB0
                 	.EQU __sm_adc_noise_red=0x10
                 	.SET power_ctrl_reg=mcucr
                 	#endif
                 ;//#include <avr/io.h>		/* Include AVR std. library file */
                 ;#include <stdio.h>		/* Include std. library file */
                 ;#include <stdlib.h>
                 ;//#include <time.h>
                 ;#include <delay.h>
                 ;#include <math.h>
                 ;
                 ;int sevseg[]={0x3F, 0x06, 0x5B, 0x4F, 0x66, 0x6D, 0x7D, 0x07, 0x7F, 0x6F};
                 
                 	.DSEG
                 ;void sub1()
                 ; 0000 0024 {
                 
                 	.CSEG
                 _sub1:
                 ; .FSTART _sub1
                 ; 0000 0025     int i;
                 ; 0000 0026     PORTB=0x00;
000077 931a      	ST   -Y,R17
000078 930a      	ST   -Y,R16
                 ;	i -> R16,R17
000079 e0e0      	LDI  R30,LOW(0)
00007a bbe8      	OUT  0x18,R30
                 ; 0000 0027     for(i=0;i<8;i++)
                +
00007b e000     +LDI R16 , LOW ( 0 )
00007c e010     +LDI R17 , HIGH ( 0 )
                 	__GETWRN 16,17,0
                 _0x5:
                +
00007d 3008     +CPI R16 , LOW ( 8 )
00007e e0e0     +LDI R30 , HIGH ( 8 )
00007f 071e     +CPC R17 , R30
                 	__CPWRN 16,17,8
000080 f45c      	BRGE _0x6
                 ; 0000 0028     {
                 ; 0000 0029         PORTB ^=0xff;
000081 b3e8      	IN   R30,0x18
000082 efaf      	LDI  R26,LOW(255)
000083 27ea      	EOR  R30,R26
000084 bbe8      	OUT  0x18,R30
                 ; 0000 002A         delay_ms(500);
000085 efa4      	LDI  R26,LOW(500)
000086 e0b1      	LDI  R27,HIGH(500)
000087 940e 01a4 	CALL _delay_ms
                 ; 0000 002B     }
                +
000089 5f0f     +SUBI R16 , LOW ( - 1 )
00008a 4f1f     +SBCI R17 , HIGH ( - 1 )
                 	__ADDWRN 16,17,1
00008b cff1      	RJMP _0x5
                 _0x6:
                 ; 0000 002C }
00008c c040      	RJMP _0x20A0001
                 ; .FEND
                 ;
                 ;void sub2()
                 ; 0000 002F {
                 _sub2:
                 ; .FSTART _sub2
                 ; 0000 0030     int a=0b00000001;
                 ; 0000 0031     int i;
                 ; 0000 0032     for(i=0;i<8;i++)
00008d 940e 01f9 	CALL __SAVELOCR4
                 ;	a -> R16,R17
                 ;	i -> R18,R19
                +
00008f e001     +LDI R16 , LOW ( 1 )
000090 e010     +LDI R17 , HIGH ( 1 )
                 	__GETWRN 16,17,1
                +
000091 e020     +LDI R18 , LOW ( 0 )
000092 e030     +LDI R19 , HIGH ( 0 )
                 	__GETWRN 18,19,0
                 _0x8:
                +
000093 3028     +CPI R18 , LOW ( 8 )
000094 e0e0     +LDI R30 , HIGH ( 8 )
000095 073e     +CPC R19 , R30
                 	__CPWRN 18,19,8
000096 f454      	BRGE _0x9
                 ; 0000 0033     {
                 ; 0000 0034     PORTB=a;
000097 bb08      	OUT  0x18,R16
                 ; 0000 0035     a=a<<1;
000098 0f00      	LSL  R16
000099 1f11      	ROL  R17
                 ; 0000 0036     delay_ms(375);
00009a e7a7      	LDI  R26,LOW(375)
00009b e0b1      	LDI  R27,HIGH(375)
00009c 940e 01a4 	CALL _delay_ms
                 ; 0000 0037 
                 ; 0000 0038     }
                +
00009e 5f2f     +SUBI R18 , LOW ( - 1 )
00009f 4f3f     +SBCI R19 , HIGH ( - 1 )
                 	__ADDWRN 18,19,1
0000a0 cff2      	RJMP _0x8
                 _0x9:
                 ; 0000 0039     PORTB=0x00;
0000a1 e0e0      	LDI  R30,LOW(0)
0000a2 bbe8      	OUT  0x18,R30
                 ; 0000 003A }
0000a3 940e 0200 	CALL __LOADLOCR4
0000a5 9624      	ADIW R28,4
0000a6 9508      	RET
                 ; .FEND
                 ;
                 ;/* sub3 shows every PINA changes on LEDS for 3 seconds. i added 3 seconds because of loop of all these sub problems. */
                 ;void sub3()
                 ; 0000 003E {
                 _sub3:
                 ; .FSTART _sub3
                 ; 0000 003F     int i=0;
                 ; 0000 0040     for(i=0;i<300;i++)
0000a7 931a      	ST   -Y,R17
0000a8 930a      	ST   -Y,R16
                 ;	i -> R16,R17
                +
0000a9 e000     +LDI R16 , LOW ( 0 )
0000aa e010     +LDI R17 , HIGH ( 0 )
                 	__GETWRN 16,17,0
                +
0000ab e000     +LDI R16 , LOW ( 0 )
0000ac e010     +LDI R17 , HIGH ( 0 )
                 	__GETWRN 16,17,0
                 _0xB:
                +
0000ad 320c     +CPI R16 , LOW ( 300 )
0000ae e0e1     +LDI R30 , HIGH ( 300 )
0000af 071e     +CPC R17 , R30
                 	__CPWRN 16,17,300
0000b0 f44c      	BRGE _0xC
                 ; 0000 0041     {
                 ; 0000 0042         delay_ms(10);
0000b1 e0aa      	LDI  R26,LOW(10)
0000b2 e0b0      	LDI  R27,0
0000b3 940e 01a4 	CALL _delay_ms
                 ; 0000 0043         PORTB=PINA;
0000b5 b3e9      	IN   R30,0x19
0000b6 bbe8      	OUT  0x18,R30
                 ; 0000 0044     }
                +
0000b7 5f0f     +SUBI R16 , LOW ( - 1 )
0000b8 4f1f     +SBCI R17 , HIGH ( - 1 )
                 	__ADDWRN 16,17,1
0000b9 cff3      	RJMP _0xB
                 _0xC:
                 ; 0000 0045 }
0000ba c012      	RJMP _0x20A0001
                 ; .FEND
                 ;
                 ;void sub4()
                 ; 0000 0048 {
                 _sub4:
                 ; .FSTART _sub4
                 ; 0000 0049     int i;
                 ; 0000 004A     PORTD=0x00;
0000bb 931a      	ST   -Y,R17
0000bc 930a      	ST   -Y,R16
                 ;	i -> R16,R17
0000bd e0e0      	LDI  R30,LOW(0)
0000be bbe2      	OUT  0x12,R30
                 ; 0000 004B     for(i=9;i>=0;i--)
                +
0000bf e009     +LDI R16 , LOW ( 9 )
0000c0 e010     +LDI R17 , HIGH ( 9 )
                 	__GETWRN 16,17,9
                 _0xE:
0000c1 2311      	TST  R17
0000c2 f052      	BRMI _0xF
                 ; 0000 004C     {
                 ; 0000 004D         PORTC=sevseg[i];
0000c3 01f8      	MOVW R30,R16
0000c4 940e 0192 	CALL SUBOPT_0x0
                 ; 0000 004E         delay_ms(500);
0000c6 efa4      	LDI  R26,LOW(500)
0000c7 e0b1      	LDI  R27,HIGH(500)
0000c8 940e 01a4 	CALL _delay_ms
                 ; 0000 004F     }
                +
0000ca 5001     +SUBI R16 , LOW ( 1 )
0000cb 4010     +SBCI R17 , HIGH ( 1 )
                 	__SUBWRN 16,17,1
0000cc cff4      	RJMP _0xE
                 _0xF:
                 ; 0000 0050 
                 ; 0000 0051 
                 ; 0000 0052 }
                 _0x20A0001:
0000cd 9109      	LD   R16,Y+
0000ce 9119      	LD   R17,Y+
0000cf 9508      	RET
                 ; .FEND
                 ;void sub5()
                 ; 0000 0054 {
                 _sub5:
                 ; .FSTART _sub5
                 ; 0000 0055     int  num, decimal_val = 0, base = 1, rem,i;
                 ; 0000 0056     int firstseg,secondseg,thirdseg,fourthseg;
                 ; 0000 0057     int ournum=decimal_val;
                 ; 0000 0058     num=PINA;
0000d0 972e      	SBIW R28,14
0000d1 940e 01f7 	CALL __SAVELOCR6
                 ;	num -> R16,R17
                 ;	decimal_val -> R18,R19
                 ;	base -> R20,R21
                 ;	rem -> Y+18
                 ;	i -> Y+16
                 ;	firstseg -> Y+14
                 ;	secondseg -> Y+12
                 ;	thirdseg -> Y+10
                 ;	fourthseg -> Y+8
                 ;	ournum -> Y+6
                +
0000d3 e020     +LDI R18 , LOW ( 0 )
0000d4 e030     +LDI R19 , HIGH ( 0 )
                 	__GETWRN 18,19,0
                +
0000d5 e041     +LDI R20 , LOW ( 1 )
0000d6 e050     +LDI R21 , HIGH ( 1 )
                 	__GETWRN 20,21,1
                +
0000d7 832e     +STD Y + 6 , R18
0000d8 833f     +STD Y + 6 + 1 , R19
                 	__PUTWSR 18,19,6
0000d9 b309      	IN   R16,25
0000da 2711      	CLR  R17
                 ; 0000 0059     //this while calculates deciimal number
                 ; 0000 005A     while (num > 0)
                 _0x10:
0000db 2400      	CLR  R0
0000dc 1600      	CP   R0,R16
0000dd 0601      	CPC  R0,R17
0000de f4ac      	BRGE _0x12
                 ; 0000 005B     {
                 ; 0000 005C         rem = num % 10;
0000df 01d8      	MOVW R26,R16
0000e0 940e 019b 	CALL SUBOPT_0x1
0000e2 8bea      	STD  Y+18,R30
0000e3 8bfb      	STD  Y+18+1,R31
                 ; 0000 005D         decimal_val = decimal_val + rem * base;
0000e4 01fa      	MOVW R30,R20
0000e5 89aa      	LDD  R26,Y+18
0000e6 89bb      	LDD  R27,Y+18+1
0000e7 940e 01ba 	CALL __MULW12
                +
0000e9 0f2e     +ADD R18 , R30
0000ea 1f3f     +ADC R19 , R31
                 	__ADDWRR 18,19,30,31
                 ; 0000 005E         num = num / 10 ;
0000eb 01d8      	MOVW R26,R16
0000ec e0ea      	LDI  R30,LOW(10)
0000ed e0f0      	LDI  R31,HIGH(10)
0000ee 940e 01d2 	CALL __DIVW21
0000f0 018f      	MOVW R16,R30
                 ; 0000 005F         base = base * 2;
0000f1 0f44      	LSL  R20
0000f2 1f55      	ROL  R21
                 ; 0000 0060     }
0000f3 cfe7      	RJMP _0x10
                 _0x12:
                 ; 0000 0061     ournum=decimal_val;
                +
0000f4 832e     +STD Y + 6 , R18
0000f5 833f     +STD Y + 6 + 1 , R19
                 	__PUTWSR 18,19,6
                 ; 0000 0062     while(ournum>0)
                 _0x13:
0000f6 81ae      	LDD  R26,Y+6
0000f7 81bf      	LDD  R27,Y+6+1
0000f8 940e 01f3 	CALL __CPW02
0000fa f00c      	BRLT PC+2
0000fb c05e      	RJMP _0x15
                 ; 0000 0063     {
                 ; 0000 0064         firstseg=0;
0000fc e0e0      	LDI  R30,LOW(0)
0000fd 87ee      	STD  Y+14,R30
0000fe 87ef      	STD  Y+14+1,R30
                 ; 0000 0065         secondseg=ournum%10;
0000ff 940e 019b 	CALL SUBOPT_0x1
000101 87ec      	STD  Y+12,R30
000102 87fd      	STD  Y+12+1,R31
                 ; 0000 0066         thirdseg=(ournum/10)%10;
000103 81ae      	LDD  R26,Y+6
000104 81bf      	LDD  R27,Y+6+1
000105 e0ea      	LDI  R30,LOW(10)
000106 e0f0      	LDI  R31,HIGH(10)
000107 940e 01d2 	CALL __DIVW21
000109 01df      	MOVW R26,R30
00010a 940e 019b 	CALL SUBOPT_0x1
00010c 87ea      	STD  Y+10,R30
00010d 87fb      	STD  Y+10+1,R31
                 ; 0000 0067         fourthseg=(ournum/100)%10;
00010e 81ae      	LDD  R26,Y+6
00010f 81bf      	LDD  R27,Y+6+1
000110 e6e4      	LDI  R30,LOW(100)
000111 e0f0      	LDI  R31,HIGH(100)
000112 940e 01d2 	CALL __DIVW21
000114 01df      	MOVW R26,R30
000115 940e 019b 	CALL SUBOPT_0x1
000117 87e8      	STD  Y+8,R30
000118 87f9      	STD  Y+8+1,R31
                 ; 0000 0068         for(i=5;i>0;i--)
000119 e0e5      	LDI  R30,LOW(5)
00011a e0f0      	LDI  R31,HIGH(5)
00011b 8be8      	STD  Y+16,R30
00011c 8bf9      	STD  Y+16+1,R31
                 _0x17:
00011d 89a8      	LDD  R26,Y+16
00011e 89b9      	LDD  R27,Y+16+1
00011f 940e 01f3 	CALL __CPW02
000121 f594      	BRGE _0x18
                 ; 0000 0069         {
                 ; 0000 006A         PORTD=0b00000111;
000122 e0e7      	LDI  R30,LOW(7)
000123 bbe2      	OUT  0x12,R30
                 ; 0000 006B         PORTC=sevseg[(2*i)%10];
000124 89e8      	LDD  R30,Y+16
000125 89f9      	LDD  R31,Y+16+1
000126 0fee      	LSL  R30
000127 1fff      	ROL  R31
000128 01df      	MOVW R26,R30
000129 940e 019b 	CALL SUBOPT_0x1
00012b 940e 0192 	CALL SUBOPT_0x0
                 ; 0000 006C         delay_ms(100);
00012d 940e 01a0 	CALL SUBOPT_0x2
                 ; 0000 006D 
                 ; 0000 006E         PORTD=0b00001011;
00012f e0eb      	LDI  R30,LOW(11)
000130 bbe2      	OUT  0x12,R30
                 ; 0000 006F         PORTC=sevseg[secondseg]|0b10000000;  /*0b10000000 is for dot*/
000131 85ec      	LDD  R30,Y+12
000132 85fd      	LDD  R31,Y+12+1
000133 e6a0      	LDI  R26,LOW(_sevseg)
000134 e0b1      	LDI  R27,HIGH(_sevseg)
000135 0fee      	LSL  R30
000136 1fff      	ROL  R31
000137 0fae      	ADD  R26,R30
000138 1fbf      	ADC  R27,R31
000139 91ec      	LD   R30,X
00013a 68e0      	ORI  R30,0x80
00013b bbe5      	OUT  0x15,R30
                 ; 0000 0070         delay_ms(100);
00013c 940e 01a0 	CALL SUBOPT_0x2
                 ; 0000 0071 
                 ; 0000 0072         PORTD=0b00001101;
00013e e0ed      	LDI  R30,LOW(13)
00013f bbe2      	OUT  0x12,R30
                 ; 0000 0073         PORTC=sevseg[thirdseg];
000140 85ea      	LDD  R30,Y+10
000141 85fb      	LDD  R31,Y+10+1
000142 940e 0192 	CALL SUBOPT_0x0
                 ; 0000 0074         delay_ms(100);
000144 940e 01a0 	CALL SUBOPT_0x2
                 ; 0000 0075 
                 ; 0000 0076         PORTD=0b00001110;
000146 e0ee      	LDI  R30,LOW(14)
000147 bbe2      	OUT  0x12,R30
                 ; 0000 0077         PORTC=sevseg[fourthseg];
000148 85e8      	LDD  R30,Y+8
000149 85f9      	LDD  R31,Y+8+1
00014a 940e 0192 	CALL SUBOPT_0x0
                 ; 0000 0078         delay_ms(100);
00014c 940e 01a0 	CALL SUBOPT_0x2
                 ; 0000 0079         }
00014e 89e8      	LDD  R30,Y+16
00014f 89f9      	LDD  R31,Y+16+1
000150 9731      	SBIW R30,1
000151 8be8      	STD  Y+16,R30
000152 8bf9      	STD  Y+16+1,R31
000153 cfc9      	RJMP _0x17
                 _0x18:
                 ; 0000 007A         ournum-=1;
000154 81ee      	LDD  R30,Y+6
000155 81ff      	LDD  R31,Y+6+1
000156 9731      	SBIW R30,1
000157 83ee      	STD  Y+6,R30
000158 83ff      	STD  Y+6+1,R31
                 ; 0000 007B     }
000159 cf9c      	RJMP _0x13
                 _0x15:
                 ; 0000 007C }
00015a 940e 01fe 	CALL __LOADLOCR6
00015c 9664      	ADIW R28,20
00015d 9508      	RET
                 ; .FEND
                 ;
                 ;void sub6()
                 ; 0000 007F {   while(1)
                 _sub6:
                 ; .FSTART _sub6
                 _0x19:
                 ; 0000 0080     {
                 ; 0000 0081     if((PIND&0b00010000)==0b0)
00015e 9984      	SBIC 0x10,4
00015f c004      	RJMP _0x1C
                 ; 0000 0082     {
                 ; 0000 0083     PORTD=(PORTD&0b11111110)|0b00001110;
000160 b3e2      	IN   R30,0x12
000161 7fee      	ANDI R30,0xFE
000162 60ee      	ORI  R30,LOW(0xE)
000163 c011      	RJMP _0x27
                 ; 0000 0084     PORTC=sevseg[0];
                 ; 0000 0085     }
                 ; 0000 0086     else if((PIND&0b00100000)==0b0)
                 _0x1C:
000164 9985      	SBIC 0x10,5
000165 c004      	RJMP _0x1E
                 ; 0000 0087     {
                 ; 0000 0088     PORTD=(PORTD&0b11111101)|0b00001101;
000166 b3e2      	IN   R30,0x12
000167 7fed      	ANDI R30,0xFD
000168 60ed      	ORI  R30,LOW(0xD)
000169 c00b      	RJMP _0x27
                 ; 0000 0089     PORTC=sevseg[0];
                 ; 0000 008A     }
                 ; 0000 008B     else if((PIND&0b01000000)==0b0)
                 _0x1E:
00016a 9986      	SBIC 0x10,6
00016b c004      	RJMP _0x20
                 ; 0000 008C     {
                 ; 0000 008D     PORTD=(PORTD&0b11111011)|0b00001011;
00016c b3e2      	IN   R30,0x12
00016d 7feb      	ANDI R30,0xFB
00016e 60eb      	ORI  R30,LOW(0xB)
00016f c005      	RJMP _0x27
                 ; 0000 008E     PORTC=sevseg[0];
                 ; 0000 008F     }
                 ; 0000 0090     else if ((PIND&0b10000000)==0b0)
                 _0x20:
000170 9987      	SBIC 0x10,7
000171 c007      	RJMP _0x22
                 ; 0000 0091     {
                 ; 0000 0092     PORTD=(PORTD&0b11110111)|0b00000111;
000172 b3e2      	IN   R30,0x12
000173 7fe7      	ANDI R30,0XF7
000174 60e7      	ORI  R30,LOW(0x7)
                 _0x27:
000175 bbe2      	OUT  0x12,R30
                 ; 0000 0093     PORTC=sevseg[0];
000176 91e0 0160 	LDS  R30,_sevseg
000178 bbe5      	OUT  0x15,R30
                 ; 0000 0094     }
                 ; 0000 0095     }
                 _0x22:
000179 cfe4      	RJMP _0x19
                 ; 0000 0096 }
                 ; .FEND
                 ;
                 ;void sub7()
                 ; 0000 0099 {
                 _sub7:
                 ; .FSTART _sub7
                 ; 0000 009A     sub1();
00017a defc      	RCALL _sub1
                 ; 0000 009B     sub2();
00017b df11      	RCALL _sub2
                 ; 0000 009C     sub4();
00017c df3e      	RCALL _sub4
                 ; 0000 009D     while(1)
                 _0x23:
                 ; 0000 009E     {
                 ; 0000 009F     sub3();
00017d df29      	RCALL _sub3
                 ; 0000 00A0     sub5();
00017e df51      	RCALL _sub5
                 ; 0000 00A1     sub6();
00017f dfde      	RCALL _sub6
                 ; 0000 00A2     }
000180 cffc      	RJMP _0x23
                 ; 0000 00A3 
                 ; 0000 00A4 }
                 ; .FEND
                 ;
                 ;
                 ;void main(void){
                 ; 0000 00A7 void main(void){
                 _main:
                 ; .FSTART _main
                 ; 0000 00A8 // Declare your global variables here
                 ; 0000 00A9 
                 ; 0000 00AA 
                 ; 0000 00AB // Declare your local variables here
                 ; 0000 00AC 
                 ; 0000 00AD // Input/Output Ports initialization
                 ; 0000 00AE // Port A initialization
                 ; 0000 00AF // Function: Bit7=In Bit6=In Bit5=In Bit4=In Bit3=In Bit2=In Bit1=In Bit0=In
                 ; 0000 00B0 DDRA=(0<<DDA7) | (0<<DDA6) | (0<<DDA5) | (0<<DDA4) | (0<<DDA3) | (0<<DDA2) | (0<<DDA1) | (0<<DDA0);
000181 e0e0      	LDI  R30,LOW(0)
000182 bbea      	OUT  0x1A,R30
                 ; 0000 00B1 // State: Bit7=P Bit6=P Bit5=P Bit4=P Bit3=P Bit2=P Bit1=P Bit0=P
                 ; 0000 00B2 PORTA=(1<<PORTA7) | (1<<PORTA6) | (1<<PORTA5) | (1<<PORTA4) | (1<<PORTA3) | (1<<PORTA2) | (1<<PORTA1) | (1<<PORTA0);
000183 efef      	LDI  R30,LOW(255)
000184 bbeb      	OUT  0x1B,R30
                 ; 0000 00B3 
                 ; 0000 00B4 // Port B initialization
                 ; 0000 00B5 // Function: Bit7=Out Bit6=Out Bit5=Out Bit4=Out Bit3=Out Bit2=Out Bit1=Out Bit0=Out
                 ; 0000 00B6 DDRB=(1<<DDB7) | (1<<DDB6) | (1<<DDB5) | (1<<DDB4) | (1<<DDB3) | (1<<DDB2) | (1<<DDB1) | (1<<DDB0);
000185 bbe7      	OUT  0x17,R30
                 ; 0000 00B7 // State: Bit7=0 Bit6=0 Bit5=0 Bit4=0 Bit3=0 Bit2=0 Bit1=0 Bit0=0
                 ; 0000 00B8 PORTB=(0<<PORTB7) | (0<<PORTB6) | (0<<PORTB5) | (0<<PORTB4) | (0<<PORTB3) | (0<<PORTB2) | (0<<PORTB1) | (0<<PORTB0);
000186 e0e0      	LDI  R30,LOW(0)
000187 bbe8      	OUT  0x18,R30
                 ; 0000 00B9 
                 ; 0000 00BA // Port C initialization
                 ; 0000 00BB // Function: Bit7=Out Bit6=Out Bit5=Out Bit4=Out Bit3=Out Bit2=Out Bit1=Out Bit0=Out
                 ; 0000 00BC DDRC=(1<<DDC7) | (1<<DDC6) | (1<<DDC5) | (1<<DDC4) | (1<<DDC3) | (1<<DDC2) | (1<<DDC1) | (1<<DDC0);
000188 efef      	LDI  R30,LOW(255)
000189 bbe4      	OUT  0x14,R30
                 ; 0000 00BD // State: Bit7=0 Bit6=0 Bit5=0 Bit4=0 Bit3=0 Bit2=0 Bit1=0 Bit0=0
                 ; 0000 00BE PORTC=(0<<PORTC7) | (0<<PORTC6) | (0<<PORTC5) | (0<<PORTC4) | (0<<PORTC3) | (0<<PORTC2) | (0<<PORTC1) | (0<<PORTC0);
00018a e0e0      	LDI  R30,LOW(0)
00018b bbe5      	OUT  0x15,R30
                 ; 0000 00BF 
                 ; 0000 00C0 // Port D initialization
                 ; 0000 00C1 // Function: Bit7=In Bit6=In Bit5=In Bit4=In Bit3=Out Bit2=Out Bit1=Out Bit0=Out
                 ; 0000 00C2 DDRD=(0<<DDD7) | (0<<DDD6) | (0<<DDD5) | (0<<DDD4) | (1<<DDD3) | (1<<DDD2) | (1<<DDD1) | (1<<DDD0);
00018c e0ef      	LDI  R30,LOW(15)
00018d bbe1      	OUT  0x11,R30
                 ; 0000 00C3 // State: Bit7=P Bit6=P Bit5=P Bit4=P Bit3=0 Bit2=0 Bit1=0 Bit0=0
                 ; 0000 00C4 PORTD=(1<<PORTD7) | (1<<PORTD6) | (1<<PORTD5) | (1<<PORTD4) | (0<<PORTD3) | (0<<PORTD2) | (0<<PORTD1) | (0<<PORTD0);
00018e efe0      	LDI  R30,LOW(240)
00018f bbe2      	OUT  0x12,R30
                 ; 0000 00C5 
                 ; 0000 00C6     sub7();
000190 dfe9      	RCALL _sub7
                 ; 0000 00C7 }
                 _0x26:
000191 cfff      	RJMP _0x26
                 ; .FEND
                 	#ifndef __SLEEP_DEFINED__
                 	#endif
                 
                 	.CSEG
                 
                 	.CSEG
                 
                 	.DSEG
                 
                 	.CSEG
                 
                 	.CSEG
                 
                 	.CSEG
                 
                 	.CSEG
                 
                 	.DSEG
                 _sevseg:
000160           	.BYTE 0x14
                 __seed_G101:
000174           	.BYTE 0x4
                 
                 	.CSEG
                 ;OPTIMIZER ADDED SUBROUTINE, CALLED 4 TIMES, CODE SIZE REDUCTION:15 WORDS
                 SUBOPT_0x0:
000192 e6a0      	LDI  R26,LOW(_sevseg)
000193 e0b1      	LDI  R27,HIGH(_sevseg)
000194 0fee      	LSL  R30
000195 1fff      	ROL  R31
000196 0fae      	ADD  R26,R30
000197 1fbf      	ADC  R27,R31
000198 91ec      	LD   R30,X
000199 bbe5      	OUT  0x15,R30
00019a 9508      	RET
                 
                 ;OPTIMIZER ADDED SUBROUTINE, CALLED 5 TIMES, CODE SIZE REDUCTION:5 WORDS
                 SUBOPT_0x1:
00019b e0ea      	LDI  R30,LOW(10)
00019c e0f0      	LDI  R31,HIGH(10)
00019d 940e 01d7 	CALL __MODW21
00019f 9508      	RET
                 
                 ;OPTIMIZER ADDED SUBROUTINE, CALLED 4 TIMES, CODE SIZE REDUCTION:3 WORDS
                 SUBOPT_0x2:
0001a0 e6a4      	LDI  R26,LOW(100)
0001a1 e0b0      	LDI  R27,0
0001a2 940c 01a4 	JMP  _delay_ms
                 
                 
                 	.CSEG
                 _delay_ms:
0001a4 9610      	adiw r26,0
0001a5 f039      	breq __delay_ms1
                 __delay_ms0:
                +
0001a6 ed80     +LDI R24 , LOW ( 0x7D0 )
0001a7 e097     +LDI R25 , HIGH ( 0x7D0 )
                +__DELAY_USW_LOOP :
0001a8 9701     +SBIW R24 , 1
0001a9 f7f1     +BRNE __DELAY_USW_LOOP
                 	__DELAY_USW 0x7D0
0001aa 95a8      	wdr
0001ab 9711      	sbiw r26,1
0001ac f7c9      	brne __delay_ms0
                 __delay_ms1:
0001ad 9508      	ret
                 
                 __ANEGW1:
0001ae 95f1      	NEG  R31
0001af 95e1      	NEG  R30
0001b0 40f0      	SBCI R31,0
0001b1 9508      	RET
                 
                 __MULW12U:
0001b2 9ffa      	MUL  R31,R26
0001b3 2df0      	MOV  R31,R0
0001b4 9feb      	MUL  R30,R27
0001b5 0df0      	ADD  R31,R0
0001b6 9fea      	MUL  R30,R26
0001b7 2de0      	MOV  R30,R0
0001b8 0df1      	ADD  R31,R1
0001b9 9508      	RET
                 
                 __MULW12:
0001ba d02a      	RCALL __CHKSIGNW
0001bb dff6      	RCALL __MULW12U
0001bc f40e      	BRTC __MULW121
0001bd dff0      	RCALL __ANEGW1
                 __MULW121:
0001be 9508      	RET
                 
                 __DIVW21U:
0001bf 2400      	CLR  R0
0001c0 2411      	CLR  R1
0001c1 e190      	LDI  R25,16
                 __DIVW21U1:
0001c2 0faa      	LSL  R26
0001c3 1fbb      	ROL  R27
0001c4 1c00      	ROL  R0
0001c5 1c11      	ROL  R1
0001c6 1a0e      	SUB  R0,R30
0001c7 0a1f      	SBC  R1,R31
0001c8 f418      	BRCC __DIVW21U2
0001c9 0e0e      	ADD  R0,R30
0001ca 1e1f      	ADC  R1,R31
0001cb c001      	RJMP __DIVW21U3
                 __DIVW21U2:
0001cc 60a1      	SBR  R26,1
                 __DIVW21U3:
0001cd 959a      	DEC  R25
0001ce f799      	BRNE __DIVW21U1
0001cf 01fd      	MOVW R30,R26
0001d0 01d0      	MOVW R26,R0
0001d1 9508      	RET
                 
                 __DIVW21:
0001d2 d012      	RCALL __CHKSIGNW
0001d3 dfeb      	RCALL __DIVW21U
0001d4 f40e      	BRTC __DIVW211
0001d5 dfd8      	RCALL __ANEGW1
                 __DIVW211:
0001d6 9508      	RET
                 
                 __MODW21:
0001d7 94e8      	CLT
0001d8 ffb7      	SBRS R27,7
0001d9 c004      	RJMP __MODW211
0001da 95a0      	COM  R26
0001db 95b0      	COM  R27
0001dc 9611      	ADIW R26,1
0001dd 9468      	SET
                 __MODW211:
0001de fdf7      	SBRC R31,7
0001df dfce      	RCALL __ANEGW1
0001e0 dfde      	RCALL __DIVW21U
0001e1 01fd      	MOVW R30,R26
0001e2 f40e      	BRTC __MODW212
0001e3 dfca      	RCALL __ANEGW1
                 __MODW212:
0001e4 9508      	RET
                 
                 __CHKSIGNW:
0001e5 94e8      	CLT
0001e6 fff7      	SBRS R31,7
0001e7 c002      	RJMP __CHKSW1
0001e8 dfc5      	RCALL __ANEGW1
0001e9 9468      	SET
                 __CHKSW1:
0001ea ffb7      	SBRS R27,7
0001eb c006      	RJMP __CHKSW2
0001ec 95a0      	COM  R26
0001ed 95b0      	COM  R27
0001ee 9611      	ADIW R26,1
0001ef f800      	BLD  R0,0
0001f0 9403      	INC  R0
0001f1 fa00      	BST  R0,0
                 __CHKSW2:
0001f2 9508      	RET
                 
                 __CPW02:
0001f3 2400      	CLR  R0
0001f4 160a      	CP   R0,R26
0001f5 060b      	CPC  R0,R27
0001f6 9508      	RET
                 
                 __SAVELOCR6:
0001f7 935a      	ST   -Y,R21
                 __SAVELOCR5:
0001f8 934a      	ST   -Y,R20
                 __SAVELOCR4:
0001f9 933a      	ST   -Y,R19
                 __SAVELOCR3:
0001fa 932a      	ST   -Y,R18
                 __SAVELOCR2:
0001fb 931a      	ST   -Y,R17
0001fc 930a      	ST   -Y,R16
0001fd 9508      	RET
                 
                 __LOADLOCR6:
0001fe 815d      	LDD  R21,Y+5
                 __LOADLOCR5:
0001ff 814c      	LDD  R20,Y+4
                 __LOADLOCR4:
000200 813b      	LDD  R19,Y+3
                 __LOADLOCR3:
000201 812a      	LDD  R18,Y+2
                 __LOADLOCR2:
000202 8119      	LDD  R17,Y+1
000203 8108      	LD   R16,Y
000204 9508      	RET
                 
                 ;END OF CODE MARKER
                 __END_OF_CODE:


RESOURCE USE INFORMATION
------------------------

Notice:
The register and instruction counts are symbol table hit counts,
and hence implicitly used resources are not counted, eg, the
'lpm' instruction without operands implicitly uses r0 and z,
none of which are counted.

x,y,z are separate entities in the symbol table and are
counted separately from r26..r31 here.

.dseg memory usage only counts static data declared with .byte

ATmega16 register use summary:
r0 :  21 r1 :   6 r2 :   0 r3 :   0 r4 :   0 r5 :   0 r6 :   0 r7 :   0 
r8 :   0 r9 :   0 r10:   0 r11:   0 r12:   0 r13:   0 r14:   0 r15:   0 
r16:  24 r17:  20 r18:   9 r19:   9 r20:   5 r21:   4 r22:   2 r23:   0 
r24:   9 r25:   5 r26:  38 r27:  23 r28:   4 r29:   1 r30: 117 r31:  37 
x  :   5 y  :  62 z  :   7 
Registers used: 20 out of 35 (57.1%)

ATmega16 instruction use summary:
.lds  :   0 .lds.l:   0 .sts  :   0 .sts.l:   0 adc   :   4 add   :   6 
adiw  :   5 and   :   0 andi  :   4 asr   :   0 bclr  :   0 bld   :   1 
brbc  :   0 brbs  :   0 brcc  :   1 brcs  :   0 break :   0 breq  :   2 
brge  :   5 brhc  :   0 brhs  :   0 brid  :   0 brie  :   0 brlo  :   0 
brlt  :   1 brmi  :   1 brne  :   6 brpl  :   0 brsh  :   0 brtc  :   3 
brts  :   0 brvc  :   0 brvs  :   0 bset  :   0 bst   :   1 call  :  28 
cbi   :   0 cbr   :   0 clc   :   0 clh   :   0 cli   :   1 cln   :   0 
clr   :   7 cls   :   0 clt   :   2 clv   :   0 clz   :   0 com   :   4 
cp    :   2 cpc   :   5 cpi   :   3 cpse  :   0 dec   :   2 des   :   0 
eor   :   1 fmul  :   0 fmuls :   0 fmulsu:   0 icall :   0 ijmp  :   0 
in    :   7 inc   :   1 jmp   :  23 ld    :   5 ldd   :  27 ldi   :  74 
lds   :   1 lpm   :   7 lsl   :   6 lsr   :   0 mov   :   2 movw  :  14 
mul   :   3 muls  :   0 mulsu :   0 neg   :   2 nop   :   0 or    :   0 
ori   :   5 out   :  28 pop   :   0 push  :   0 rcall :  17 ret   :  16 
reti  :   0 rjmp  :  25 rol   :   8 ror   :   0 sbc   :   1 sbci  :   5 
sbi   :   0 sbic  :   4 sbis  :   0 sbiw  :   8 sbr   :   1 sbrc  :   1 
sbrs  :   3 sec   :   0 seh   :   0 sei   :   0 sen   :   0 ser   :   0 
ses   :   0 set   :   2 sev   :   0 sez   :   0 sleep :   0 spm   :   0 
st    :  15 std   :  20 sts   :   0 sub   :   1 subi  :   4 swap  :   0 
tst   :   1 wdr   :   1 
Instructions used: 56 out of 116 (48.3%)

ATmega16 memory use summary [bytes]:
Segment   Begin    End      Code   Data   Used    Size   Use%
---------------------------------------------------------------
[.cseg] 0x000000 0x00040a    970     64   1034   16384   6.3%
[.dseg] 0x000060 0x000178      0     24     24    1024   2.3%
[.eseg] 0x000000 0x000000      0      0      0     512   0.0%

Assembly complete, 0 errors, 3 warnings
